Jan 20 15:33:41  [info] $Fatal Error Details = Array
(
    [message] => Could not find user name for payment processor
    [code] => 
)


Jan 20 15:33:41  [info] $backTrace = #0 /Applications/MAMP/htdocs/civi-site/sites/all/modules/contrib/civicrm/CRM/Core/Error.php(364): CRM_Core_Error::backtrace("backTrace", TRUE)
#1 /Applications/MAMP/htdocs/civi-site/sites/all/modules/contrib/civicrm/CRM/Core/Payment/PayPalImpl.php(77): CRM_Core_Error::fatal("Could not find user name for payment processor")
#2 /Applications/MAMP/htdocs/civi-site/sites/all/modules/contrib/civicrm/Civi/Payment/System.php(55): CRM_Core_Payment_PayPalImpl->__construct("live", (Array:22))
#3 /Applications/MAMP/htdocs/civi-site/sites/all/modules/contrib/civicrm/CRM/Core/Payment.php(100): Civi\Payment\System->getByProcessor((Array:22))
#4 /Applications/MAMP/htdocs/civi-site/sites/all/modules/contrib/civicrm/CRM/Financial/BAO/PaymentProcessor.php(337): CRM_Core_Payment::singleton("live", (Array:22))
#5 /Applications/MAMP/htdocs/civi-site/sites/all/modules/contrib/civicrm/CRM/Financial/BAO/PaymentProcessor.php(370): CRM_Financial_BAO_PaymentProcessor::getAllPaymentProcessors("live")
#6 /Applications/MAMP/htdocs/civi-site/sites/all/modules/contrib/civicrm/CRM/Financial/BAO/PaymentProcessor.php(401): CRM_Financial_BAO_PaymentProcessor::getPaymentProcessors((Array:2))
#7 /Applications/MAMP/htdocs/civi-site/sites/all/modules/contrib/civicrm/CRM/Core/Config.php(890): CRM_Financial_BAO_PaymentProcessor::hasPaymentProcessorSupporting((Array:1))
#8 /Applications/MAMP/htdocs/civi-site/sites/all/modules/contrib/civicrm/CRM/Core/Block.php(379): CRM_Core_Config::isEnabledBackOfficeCreditCardPayments()
#9 /Applications/MAMP/htdocs/civi-site/sites/all/modules/contrib/civicrm/CRM/Core/Block.php(297): CRM_Core_Block::setTemplateShortcutValues()
#10 /Applications/MAMP/htdocs/civi-site/sites/all/modules/contrib/civicrm/CRM/Core/Block.php(629): CRM_Core_Block::setTemplateValues("1")
#11 /Applications/MAMP/htdocs/civi-site/sites/all/modules/contrib/civicrm/drupal/civicrm.module(95): CRM_Core_Block::getContent("1")
#12 [internal function](): civicrm_block_view("1")
#13 /Applications/MAMP/htdocs/civi-site/includes/module.inc(905): call_user_func_array("civicrm_block_view", (Array:1))
#14 /Applications/MAMP/htdocs/civi-site/modules/block/block.module(905): module_invoke("civicrm", "block_view", "1")
#15 /Applications/MAMP/htdocs/civi-site/modules/block/block.module(686): _block_render_blocks((Array:8))
#16 /Applications/MAMP/htdocs/civi-site/modules/block/block.module(318): block_list("sidebar_first")
#17 /Applications/MAMP/htdocs/civi-site/modules/block/block.module(268): block_get_blocks_by_region("sidebar_first")
#18 /Applications/MAMP/htdocs/civi-site/includes/common.inc(5851): block_page_build((Array:4))
#19 /Applications/MAMP/htdocs/civi-site/includes/common.inc(2729): drupal_render_page("\n\n<div id=\"crm-container\" class=\"crm-container\" lang=\"en\" xml:lang=\"...")
#20 /Applications/MAMP/htdocs/civi-site/includes/common.inc(2611): drupal_deliver_html_page("\n\n<div id=\"crm-container\" class=\"crm-container\" lang=\"en\" xml:lang=\"...")
#21 /Applications/MAMP/htdocs/civi-site/includes/menu.inc(542): drupal_deliver_page("\n\n<div id=\"crm-container\" class=\"crm-container\" lang=\"en\" xml:lang=\"...", "")
#22 /Applications/MAMP/htdocs/civi-site/index.php(21): menu_execute_active_handler()
#23 {main}


Jan 20 15:33:56  [info] $Fatal Error Details = Array
(
    [message] => Could not find user name for payment processor
    [code] => 
)


Jan 20 15:33:56  [info] $backTrace = #0 /Applications/MAMP/htdocs/civi-site/sites/all/modules/contrib/civicrm/CRM/Core/Error.php(364): CRM_Core_Error::backtrace("backTrace", TRUE)
#1 /Applications/MAMP/htdocs/civi-site/sites/all/modules/contrib/civicrm/CRM/Core/Payment/PayPalImpl.php(77): CRM_Core_Error::fatal("Could not find user name for payment processor")
#2 /Applications/MAMP/htdocs/civi-site/sites/all/modules/contrib/civicrm/Civi/Payment/System.php(55): CRM_Core_Payment_PayPalImpl->__construct("live", (Array:22))
#3 /Applications/MAMP/htdocs/civi-site/sites/all/modules/contrib/civicrm/CRM/Core/Payment.php(100): Civi\Payment\System->getByProcessor((Array:22))
#4 /Applications/MAMP/htdocs/civi-site/sites/all/modules/contrib/civicrm/CRM/Financial/BAO/PaymentProcessor.php(337): CRM_Core_Payment::singleton("live", (Array:22))
#5 /Applications/MAMP/htdocs/civi-site/sites/all/modules/contrib/civicrm/CRM/Financial/BAO/PaymentProcessor.php(370): CRM_Financial_BAO_PaymentProcessor::getAllPaymentProcessors("live")
#6 /Applications/MAMP/htdocs/civi-site/sites/all/modules/contrib/civicrm/CRM/Financial/BAO/PaymentProcessor.php(401): CRM_Financial_BAO_PaymentProcessor::getPaymentProcessors((Array:2))
#7 /Applications/MAMP/htdocs/civi-site/sites/all/modules/contrib/civicrm/CRM/Core/Config.php(890): CRM_Financial_BAO_PaymentProcessor::hasPaymentProcessorSupporting((Array:1))
#8 /Applications/MAMP/htdocs/civi-site/sites/all/modules/contrib/civicrm/CRM/Core/Block.php(379): CRM_Core_Config::isEnabledBackOfficeCreditCardPayments()
#9 /Applications/MAMP/htdocs/civi-site/sites/all/modules/contrib/civicrm/CRM/Core/Block.php(297): CRM_Core_Block::setTemplateShortcutValues()
#10 /Applications/MAMP/htdocs/civi-site/sites/all/modules/contrib/civicrm/CRM/Core/Block.php(629): CRM_Core_Block::setTemplateValues("1")
#11 /Applications/MAMP/htdocs/civi-site/sites/all/modules/contrib/civicrm/drupal/civicrm.module(95): CRM_Core_Block::getContent("1")
#12 [internal function](): civicrm_block_view("1")
#13 /Applications/MAMP/htdocs/civi-site/includes/module.inc(905): call_user_func_array("civicrm_block_view", (Array:1))
#14 /Applications/MAMP/htdocs/civi-site/modules/block/block.module(905): module_invoke("civicrm", "block_view", "1")
#15 /Applications/MAMP/htdocs/civi-site/modules/block/block.module(686): _block_render_blocks((Array:8))
#16 /Applications/MAMP/htdocs/civi-site/modules/block/block.module(318): block_list("sidebar_first")
#17 /Applications/MAMP/htdocs/civi-site/modules/block/block.module(268): block_get_blocks_by_region("sidebar_first")
#18 /Applications/MAMP/htdocs/civi-site/includes/common.inc(5851): block_page_build((Array:4))
#19 /Applications/MAMP/htdocs/civi-site/includes/common.inc(2729): drupal_render_page("\n            <script type=\"text/javascript\" src=\"http://localhost:8888/ci...")
#20 /Applications/MAMP/htdocs/civi-site/includes/common.inc(2611): drupal_deliver_html_page("\n            <script type=\"text/javascript\" src=\"http://localhost:8888/ci...")
#21 /Applications/MAMP/htdocs/civi-site/includes/menu.inc(542): drupal_deliver_page("\n            <script type=\"text/javascript\" src=\"http://localhost:8888/ci...", "")
#22 /Applications/MAMP/htdocs/civi-site/index.php(21): menu_execute_active_handler()
#23 {main}


Jan 20 15:34:10  [info] $Fatal Error Details = Array
(
    [message] => Could not find user name for payment processor
    [code] => 
)


Jan 20 15:34:10  [info] $backTrace = #0 /Applications/MAMP/htdocs/civi-site/sites/all/modules/contrib/civicrm/CRM/Core/Error.php(364): CRM_Core_Error::backtrace("backTrace", TRUE)
#1 /Applications/MAMP/htdocs/civi-site/sites/all/modules/contrib/civicrm/CRM/Core/Payment/PayPalImpl.php(77): CRM_Core_Error::fatal("Could not find user name for payment processor")
#2 /Applications/MAMP/htdocs/civi-site/sites/all/modules/contrib/civicrm/Civi/Payment/System.php(55): CRM_Core_Payment_PayPalImpl->__construct("live", (Array:22))
#3 /Applications/MAMP/htdocs/civi-site/sites/all/modules/contrib/civicrm/CRM/Core/Payment.php(100): Civi\Payment\System->getByProcessor((Array:22))
#4 /Applications/MAMP/htdocs/civi-site/sites/all/modules/contrib/civicrm/CRM/Financial/BAO/PaymentProcessor.php(337): CRM_Core_Payment::singleton("live", (Array:22))
#5 /Applications/MAMP/htdocs/civi-site/sites/all/modules/contrib/civicrm/CRM/Financial/BAO/PaymentProcessor.php(370): CRM_Financial_BAO_PaymentProcessor::getAllPaymentProcessors("live")
#6 /Applications/MAMP/htdocs/civi-site/sites/all/modules/contrib/civicrm/CRM/Financial/BAO/PaymentProcessor.php(401): CRM_Financial_BAO_PaymentProcessor::getPaymentProcessors((Array:2))
#7 /Applications/MAMP/htdocs/civi-site/sites/all/modules/contrib/civicrm/CRM/Core/Config.php(890): CRM_Financial_BAO_PaymentProcessor::hasPaymentProcessorSupporting((Array:1))
#8 /Applications/MAMP/htdocs/civi-site/sites/all/modules/contrib/civicrm/CRM/Core/Block.php(379): CRM_Core_Config::isEnabledBackOfficeCreditCardPayments()
#9 /Applications/MAMP/htdocs/civi-site/sites/all/modules/contrib/civicrm/CRM/Core/Block.php(297): CRM_Core_Block::setTemplateShortcutValues()
#10 /Applications/MAMP/htdocs/civi-site/sites/all/modules/contrib/civicrm/CRM/Core/Block.php(629): CRM_Core_Block::setTemplateValues("1")
#11 /Applications/MAMP/htdocs/civi-site/sites/all/modules/contrib/civicrm/drupal/civicrm.module(95): CRM_Core_Block::getContent("1")
#12 [internal function](): civicrm_block_view("1")
#13 /Applications/MAMP/htdocs/civi-site/includes/module.inc(905): call_user_func_array("civicrm_block_view", (Array:1))
#14 /Applications/MAMP/htdocs/civi-site/modules/block/block.module(905): module_invoke("civicrm", "block_view", "1")
#15 /Applications/MAMP/htdocs/civi-site/modules/block/block.module(686): _block_render_blocks((Array:8))
#16 /Applications/MAMP/htdocs/civi-site/modules/block/block.module(318): block_list("sidebar_first")
#17 /Applications/MAMP/htdocs/civi-site/modules/block/block.module(268): block_get_blocks_by_region("sidebar_first")
#18 /Applications/MAMP/htdocs/civi-site/includes/common.inc(5851): block_page_build((Array:4))
#19 /Applications/MAMP/htdocs/civi-site/includes/common.inc(2729): drupal_render_page("\n            <script type=\"text/javascript\" src=\"http://localhost:8888/ci...")
#20 /Applications/MAMP/htdocs/civi-site/includes/common.inc(2611): drupal_deliver_html_page("\n            <script type=\"text/javascript\" src=\"http://localhost:8888/ci...")
#21 /Applications/MAMP/htdocs/civi-site/includes/menu.inc(542): drupal_deliver_page("\n            <script type=\"text/javascript\" src=\"http://localhost:8888/ci...", "")
#22 /Applications/MAMP/htdocs/civi-site/index.php(21): menu_execute_active_handler()
#23 {main}


Jan 20 15:34:25  [info] $Fatal Error Details = Array
(
    [message] => Could not find user name for payment processor
    [code] => 
)


Jan 20 15:34:25  [info] $backTrace = #0 /Applications/MAMP/htdocs/civi-site/sites/all/modules/contrib/civicrm/CRM/Core/Error.php(364): CRM_Core_Error::backtrace("backTrace", TRUE)
#1 /Applications/MAMP/htdocs/civi-site/sites/all/modules/contrib/civicrm/CRM/Core/Payment/PayPalImpl.php(77): CRM_Core_Error::fatal("Could not find user name for payment processor")
#2 /Applications/MAMP/htdocs/civi-site/sites/all/modules/contrib/civicrm/Civi/Payment/System.php(55): CRM_Core_Payment_PayPalImpl->__construct("live", (Array:22))
#3 /Applications/MAMP/htdocs/civi-site/sites/all/modules/contrib/civicrm/CRM/Core/Payment.php(100): Civi\Payment\System->getByProcessor((Array:22))
#4 /Applications/MAMP/htdocs/civi-site/sites/all/modules/contrib/civicrm/CRM/Financial/BAO/PaymentProcessor.php(337): CRM_Core_Payment::singleton("live", (Array:22))
#5 /Applications/MAMP/htdocs/civi-site/sites/all/modules/contrib/civicrm/CRM/Financial/BAO/PaymentProcessor.php(370): CRM_Financial_BAO_PaymentProcessor::getAllPaymentProcessors("live")
#6 /Applications/MAMP/htdocs/civi-site/sites/all/modules/contrib/civicrm/CRM/Financial/BAO/PaymentProcessor.php(401): CRM_Financial_BAO_PaymentProcessor::getPaymentProcessors((Array:2))
#7 /Applications/MAMP/htdocs/civi-site/sites/all/modules/contrib/civicrm/CRM/Core/Config.php(890): CRM_Financial_BAO_PaymentProcessor::hasPaymentProcessorSupporting((Array:1))
#8 /Applications/MAMP/htdocs/civi-site/sites/all/modules/contrib/civicrm/CRM/Core/Block.php(379): CRM_Core_Config::isEnabledBackOfficeCreditCardPayments()
#9 /Applications/MAMP/htdocs/civi-site/sites/all/modules/contrib/civicrm/CRM/Core/Block.php(297): CRM_Core_Block::setTemplateShortcutValues()
#10 /Applications/MAMP/htdocs/civi-site/sites/all/modules/contrib/civicrm/CRM/Core/Block.php(629): CRM_Core_Block::setTemplateValues("1")
#11 /Applications/MAMP/htdocs/civi-site/sites/all/modules/contrib/civicrm/drupal/civicrm.module(95): CRM_Core_Block::getContent("1")
#12 [internal function](): civicrm_block_view("1")
#13 /Applications/MAMP/htdocs/civi-site/includes/module.inc(905): call_user_func_array("civicrm_block_view", (Array:1))
#14 /Applications/MAMP/htdocs/civi-site/modules/block/block.module(905): module_invoke("civicrm", "block_view", "1")
#15 /Applications/MAMP/htdocs/civi-site/modules/block/block.module(686): _block_render_blocks((Array:8))
#16 /Applications/MAMP/htdocs/civi-site/modules/block/block.module(318): block_list("sidebar_first")
#17 /Applications/MAMP/htdocs/civi-site/modules/block/block.module(268): block_get_blocks_by_region("sidebar_first")
#18 /Applications/MAMP/htdocs/civi-site/includes/common.inc(5851): block_page_build((Array:4))
#19 /Applications/MAMP/htdocs/civi-site/includes/common.inc(2729): drupal_render_page("\n\n<div id=\"crm-container\" class=\"crm-container\" lang=\"en\" xml:lang=\"...")
#20 /Applications/MAMP/htdocs/civi-site/includes/common.inc(2611): drupal_deliver_html_page("\n\n<div id=\"crm-container\" class=\"crm-container\" lang=\"en\" xml:lang=\"...")
#21 /Applications/MAMP/htdocs/civi-site/includes/menu.inc(542): drupal_deliver_page("\n\n<div id=\"crm-container\" class=\"crm-container\" lang=\"en\" xml:lang=\"...", "")
#22 /Applications/MAMP/htdocs/civi-site/index.php(21): menu_execute_active_handler()
#23 {main}


Jan 20 15:34:32  [info] $Fatal Error Details = Array
(
    [message] => Could not find user name for payment processor
    [code] => 
)


Jan 20 15:34:32  [info] $backTrace = #0 /Applications/MAMP/htdocs/civi-site/sites/all/modules/contrib/civicrm/CRM/Core/Error.php(364): CRM_Core_Error::backtrace("backTrace", TRUE)
#1 /Applications/MAMP/htdocs/civi-site/sites/all/modules/contrib/civicrm/CRM/Core/Payment/PayPalImpl.php(77): CRM_Core_Error::fatal("Could not find user name for payment processor")
#2 /Applications/MAMP/htdocs/civi-site/sites/all/modules/contrib/civicrm/Civi/Payment/System.php(55): CRM_Core_Payment_PayPalImpl->__construct("live", (Array:22))
#3 /Applications/MAMP/htdocs/civi-site/sites/all/modules/contrib/civicrm/CRM/Core/Payment.php(100): Civi\Payment\System->getByProcessor((Array:22))
#4 /Applications/MAMP/htdocs/civi-site/sites/all/modules/contrib/civicrm/CRM/Financial/BAO/PaymentProcessor.php(337): CRM_Core_Payment::singleton("live", (Array:22))
#5 /Applications/MAMP/htdocs/civi-site/sites/all/modules/contrib/civicrm/CRM/Financial/BAO/PaymentProcessor.php(370): CRM_Financial_BAO_PaymentProcessor::getAllPaymentProcessors("live")
#6 /Applications/MAMP/htdocs/civi-site/sites/all/modules/contrib/civicrm/CRM/Financial/BAO/PaymentProcessor.php(401): CRM_Financial_BAO_PaymentProcessor::getPaymentProcessors((Array:2))
#7 /Applications/MAMP/htdocs/civi-site/sites/all/modules/contrib/civicrm/CRM/Core/Config.php(890): CRM_Financial_BAO_PaymentProcessor::hasPaymentProcessorSupporting((Array:1))
#8 /Applications/MAMP/htdocs/civi-site/sites/all/modules/contrib/civicrm/CRM/Core/Block.php(379): CRM_Core_Config::isEnabledBackOfficeCreditCardPayments()
#9 /Applications/MAMP/htdocs/civi-site/sites/all/modules/contrib/civicrm/CRM/Core/Block.php(297): CRM_Core_Block::setTemplateShortcutValues()
#10 /Applications/MAMP/htdocs/civi-site/sites/all/modules/contrib/civicrm/CRM/Core/Block.php(629): CRM_Core_Block::setTemplateValues("1")
#11 /Applications/MAMP/htdocs/civi-site/sites/all/modules/contrib/civicrm/drupal/civicrm.module(95): CRM_Core_Block::getContent("1")
#12 [internal function](): civicrm_block_view("1")
#13 /Applications/MAMP/htdocs/civi-site/includes/module.inc(905): call_user_func_array("civicrm_block_view", (Array:1))
#14 /Applications/MAMP/htdocs/civi-site/modules/block/block.module(905): module_invoke("civicrm", "block_view", "1")
#15 /Applications/MAMP/htdocs/civi-site/modules/block/block.module(686): _block_render_blocks((Array:8))
#16 /Applications/MAMP/htdocs/civi-site/modules/block/block.module(318): block_list("sidebar_first")
#17 /Applications/MAMP/htdocs/civi-site/modules/block/block.module(268): block_get_blocks_by_region("sidebar_first")
#18 /Applications/MAMP/htdocs/civi-site/includes/common.inc(5851): block_page_build((Array:4))
#19 /Applications/MAMP/htdocs/civi-site/includes/common.inc(2729): drupal_render_page("\n\n<div id=\"crm-container\" class=\"crm-container\" lang=\"en\" xml:lang=\"...")
#20 /Applications/MAMP/htdocs/civi-site/includes/common.inc(2611): drupal_deliver_html_page("\n\n<div id=\"crm-container\" class=\"crm-container\" lang=\"en\" xml:lang=\"...")
#21 /Applications/MAMP/htdocs/civi-site/includes/menu.inc(542): drupal_deliver_page("\n\n<div id=\"crm-container\" class=\"crm-container\" lang=\"en\" xml:lang=\"...", "")
#22 /Applications/MAMP/htdocs/civi-site/index.php(21): menu_execute_active_handler()
#23 {main}


Jan 20 15:34:47  [info] $Fatal Error Details = Array
(
    [message] => Could not find user name for payment processor
    [code] => 
)


Jan 20 15:34:47  [info] $backTrace = #0 /Applications/MAMP/htdocs/civi-site/sites/all/modules/contrib/civicrm/CRM/Core/Error.php(364): CRM_Core_Error::backtrace("backTrace", TRUE)
#1 /Applications/MAMP/htdocs/civi-site/sites/all/modules/contrib/civicrm/CRM/Core/Payment/PayPalImpl.php(77): CRM_Core_Error::fatal("Could not find user name for payment processor")
#2 /Applications/MAMP/htdocs/civi-site/sites/all/modules/contrib/civicrm/Civi/Payment/System.php(55): CRM_Core_Payment_PayPalImpl->__construct("live", (Array:22))
#3 /Applications/MAMP/htdocs/civi-site/sites/all/modules/contrib/civicrm/CRM/Core/Payment.php(100): Civi\Payment\System->getByProcessor((Array:22))
#4 /Applications/MAMP/htdocs/civi-site/sites/all/modules/contrib/civicrm/CRM/Financial/BAO/PaymentProcessor.php(337): CRM_Core_Payment::singleton("live", (Array:22))
#5 /Applications/MAMP/htdocs/civi-site/sites/all/modules/contrib/civicrm/CRM/Financial/BAO/PaymentProcessor.php(370): CRM_Financial_BAO_PaymentProcessor::getAllPaymentProcessors("live")
#6 /Applications/MAMP/htdocs/civi-site/sites/all/modules/contrib/civicrm/CRM/Financial/BAO/PaymentProcessor.php(401): CRM_Financial_BAO_PaymentProcessor::getPaymentProcessors((Array:2))
#7 /Applications/MAMP/htdocs/civi-site/sites/all/modules/contrib/civicrm/CRM/Core/Config.php(890): CRM_Financial_BAO_PaymentProcessor::hasPaymentProcessorSupporting((Array:1))
#8 /Applications/MAMP/htdocs/civi-site/sites/all/modules/contrib/civicrm/CRM/Core/Block.php(379): CRM_Core_Config::isEnabledBackOfficeCreditCardPayments()
#9 /Applications/MAMP/htdocs/civi-site/sites/all/modules/contrib/civicrm/CRM/Core/Block.php(297): CRM_Core_Block::setTemplateShortcutValues()
#10 /Applications/MAMP/htdocs/civi-site/sites/all/modules/contrib/civicrm/CRM/Core/Block.php(629): CRM_Core_Block::setTemplateValues("1")
#11 /Applications/MAMP/htdocs/civi-site/sites/all/modules/contrib/civicrm/drupal/civicrm.module(95): CRM_Core_Block::getContent("1")
#12 [internal function](): civicrm_block_view("1")
#13 /Applications/MAMP/htdocs/civi-site/includes/module.inc(905): call_user_func_array("civicrm_block_view", (Array:1))
#14 /Applications/MAMP/htdocs/civi-site/modules/block/block.module(905): module_invoke("civicrm", "block_view", "1")
#15 /Applications/MAMP/htdocs/civi-site/modules/block/block.module(686): _block_render_blocks((Array:8))
#16 /Applications/MAMP/htdocs/civi-site/modules/block/block.module(318): block_list("sidebar_first")
#17 /Applications/MAMP/htdocs/civi-site/modules/block/block.module(268): block_get_blocks_by_region("sidebar_first")
#18 /Applications/MAMP/htdocs/civi-site/includes/common.inc(5851): block_page_build((Array:4))
#19 /Applications/MAMP/htdocs/civi-site/includes/common.inc(2729): drupal_render_page("\n\n<div id=\"crm-container\" class=\"crm-container\" lang=\"en\" xml:lang=\"...")
#20 /Applications/MAMP/htdocs/civi-site/includes/common.inc(2611): drupal_deliver_html_page("\n\n<div id=\"crm-container\" class=\"crm-container\" lang=\"en\" xml:lang=\"...")
#21 /Applications/MAMP/htdocs/civi-site/includes/menu.inc(542): drupal_deliver_page("\n\n<div id=\"crm-container\" class=\"crm-container\" lang=\"en\" xml:lang=\"...", "")
#22 /Applications/MAMP/htdocs/civi-site/index.php(21): menu_execute_active_handler()
#23 {main}


Jan 20 15:34:55  [info] $Fatal Error Details = Array
(
    [message] => Could not find user name for payment processor
    [code] => 
)


Jan 20 15:34:55  [info] $backTrace = #0 /Applications/MAMP/htdocs/civi-site/sites/all/modules/contrib/civicrm/CRM/Core/Error.php(364): CRM_Core_Error::backtrace("backTrace", TRUE)
#1 /Applications/MAMP/htdocs/civi-site/sites/all/modules/contrib/civicrm/CRM/Core/Payment/PayPalImpl.php(77): CRM_Core_Error::fatal("Could not find user name for payment processor")
#2 /Applications/MAMP/htdocs/civi-site/sites/all/modules/contrib/civicrm/Civi/Payment/System.php(55): CRM_Core_Payment_PayPalImpl->__construct("live", (Array:22))
#3 /Applications/MAMP/htdocs/civi-site/sites/all/modules/contrib/civicrm/CRM/Core/Payment.php(100): Civi\Payment\System->getByProcessor((Array:22))
#4 /Applications/MAMP/htdocs/civi-site/sites/all/modules/contrib/civicrm/CRM/Financial/BAO/PaymentProcessor.php(337): CRM_Core_Payment::singleton("live", (Array:22))
#5 /Applications/MAMP/htdocs/civi-site/sites/all/modules/contrib/civicrm/CRM/Financial/BAO/PaymentProcessor.php(370): CRM_Financial_BAO_PaymentProcessor::getAllPaymentProcessors("live")
#6 /Applications/MAMP/htdocs/civi-site/sites/all/modules/contrib/civicrm/CRM/Financial/BAO/PaymentProcessor.php(401): CRM_Financial_BAO_PaymentProcessor::getPaymentProcessors((Array:2))
#7 /Applications/MAMP/htdocs/civi-site/sites/all/modules/contrib/civicrm/CRM/Core/Config.php(890): CRM_Financial_BAO_PaymentProcessor::hasPaymentProcessorSupporting((Array:1))
#8 /Applications/MAMP/htdocs/civi-site/sites/all/modules/contrib/civicrm/CRM/Core/Block.php(379): CRM_Core_Config::isEnabledBackOfficeCreditCardPayments()
#9 /Applications/MAMP/htdocs/civi-site/sites/all/modules/contrib/civicrm/CRM/Core/Block.php(297): CRM_Core_Block::setTemplateShortcutValues()
#10 /Applications/MAMP/htdocs/civi-site/sites/all/modules/contrib/civicrm/CRM/Core/Block.php(629): CRM_Core_Block::setTemplateValues("1")
#11 /Applications/MAMP/htdocs/civi-site/sites/all/modules/contrib/civicrm/drupal/civicrm.module(95): CRM_Core_Block::getContent("1")
#12 [internal function](): civicrm_block_view("1")
#13 /Applications/MAMP/htdocs/civi-site/includes/module.inc(905): call_user_func_array("civicrm_block_view", (Array:1))
#14 /Applications/MAMP/htdocs/civi-site/modules/block/block.module(905): module_invoke("civicrm", "block_view", "1")
#15 /Applications/MAMP/htdocs/civi-site/modules/block/block.module(686): _block_render_blocks((Array:8))
#16 /Applications/MAMP/htdocs/civi-site/modules/block/block.module(318): block_list("sidebar_first")
#17 /Applications/MAMP/htdocs/civi-site/modules/block/block.module(268): block_get_blocks_by_region("sidebar_first")
#18 /Applications/MAMP/htdocs/civi-site/includes/common.inc(5851): block_page_build((Array:4))
#19 /Applications/MAMP/htdocs/civi-site/includes/common.inc(2729): drupal_render_page("\n\n<div id=\"crm-container\" class=\"crm-container\" lang=\"en\" xml:lang=\"...")
#20 /Applications/MAMP/htdocs/civi-site/includes/common.inc(2611): drupal_deliver_html_page("\n\n<div id=\"crm-container\" class=\"crm-container\" lang=\"en\" xml:lang=\"...")
#21 /Applications/MAMP/htdocs/civi-site/includes/menu.inc(542): drupal_deliver_page("\n\n<div id=\"crm-container\" class=\"crm-container\" lang=\"en\" xml:lang=\"...", "")
#22 /Applications/MAMP/htdocs/civi-site/index.php(21): menu_execute_active_handler()
#23 {main}


Jan 20 15:35:00  [info] $Fatal Error Details = Array
(
    [message] => Could not find user name for payment processor
    [code] => 
)


Jan 20 15:35:00  [info] $backTrace = #0 /Applications/MAMP/htdocs/civi-site/sites/all/modules/contrib/civicrm/CRM/Core/Error.php(364): CRM_Core_Error::backtrace("backTrace", TRUE)
#1 /Applications/MAMP/htdocs/civi-site/sites/all/modules/contrib/civicrm/CRM/Core/Payment/PayPalImpl.php(77): CRM_Core_Error::fatal("Could not find user name for payment processor")
#2 /Applications/MAMP/htdocs/civi-site/sites/all/modules/contrib/civicrm/Civi/Payment/System.php(55): CRM_Core_Payment_PayPalImpl->__construct("live", (Array:22))
#3 /Applications/MAMP/htdocs/civi-site/sites/all/modules/contrib/civicrm/CRM/Core/Payment.php(100): Civi\Payment\System->getByProcessor((Array:22))
#4 /Applications/MAMP/htdocs/civi-site/sites/all/modules/contrib/civicrm/CRM/Financial/BAO/PaymentProcessor.php(337): CRM_Core_Payment::singleton("live", (Array:22))
#5 /Applications/MAMP/htdocs/civi-site/sites/all/modules/contrib/civicrm/CRM/Financial/BAO/PaymentProcessor.php(370): CRM_Financial_BAO_PaymentProcessor::getAllPaymentProcessors("live")
#6 /Applications/MAMP/htdocs/civi-site/sites/all/modules/contrib/civicrm/CRM/Financial/BAO/PaymentProcessor.php(401): CRM_Financial_BAO_PaymentProcessor::getPaymentProcessors((Array:2))
#7 /Applications/MAMP/htdocs/civi-site/sites/all/modules/contrib/civicrm/CRM/Core/Config.php(890): CRM_Financial_BAO_PaymentProcessor::hasPaymentProcessorSupporting((Array:1))
#8 /Applications/MAMP/htdocs/civi-site/sites/all/modules/contrib/civicrm/CRM/Core/Block.php(379): CRM_Core_Config::isEnabledBackOfficeCreditCardPayments()
#9 /Applications/MAMP/htdocs/civi-site/sites/all/modules/contrib/civicrm/CRM/Core/Block.php(297): CRM_Core_Block::setTemplateShortcutValues()
#10 /Applications/MAMP/htdocs/civi-site/sites/all/modules/contrib/civicrm/CRM/Core/Block.php(629): CRM_Core_Block::setTemplateValues("1")
#11 /Applications/MAMP/htdocs/civi-site/sites/all/modules/contrib/civicrm/drupal/civicrm.module(95): CRM_Core_Block::getContent("1")
#12 [internal function](): civicrm_block_view("1")
#13 /Applications/MAMP/htdocs/civi-site/includes/module.inc(905): call_user_func_array("civicrm_block_view", (Array:1))
#14 /Applications/MAMP/htdocs/civi-site/modules/block/block.module(905): module_invoke("civicrm", "block_view", "1")
#15 /Applications/MAMP/htdocs/civi-site/modules/block/block.module(686): _block_render_blocks((Array:8))
#16 /Applications/MAMP/htdocs/civi-site/modules/block/block.module(318): block_list("sidebar_first")
#17 /Applications/MAMP/htdocs/civi-site/modules/block/block.module(268): block_get_blocks_by_region("sidebar_first")
#18 /Applications/MAMP/htdocs/civi-site/includes/common.inc(5851): block_page_build((Array:4))
#19 /Applications/MAMP/htdocs/civi-site/includes/common.inc(2729): drupal_render_page("\n\n<div id=\"crm-container\" class=\"crm-container\" lang=\"en\" xml:lang=\"...")
#20 /Applications/MAMP/htdocs/civi-site/includes/common.inc(2611): drupal_deliver_html_page("\n\n<div id=\"crm-container\" class=\"crm-container\" lang=\"en\" xml:lang=\"...")
#21 /Applications/MAMP/htdocs/civi-site/includes/menu.inc(542): drupal_deliver_page("\n\n<div id=\"crm-container\" class=\"crm-container\" lang=\"en\" xml:lang=\"...", "")
#22 /Applications/MAMP/htdocs/civi-site/index.php(21): menu_execute_active_handler()
#23 {main}


Jan 20 15:35:17  [info] $Fatal Error Details = Array
(
    [message] => Could not find user name for payment processor
    [code] => 
)


Jan 20 15:35:17  [info] $backTrace = #0 /Applications/MAMP/htdocs/civi-site/sites/all/modules/contrib/civicrm/CRM/Core/Error.php(364): CRM_Core_Error::backtrace("backTrace", TRUE)
#1 /Applications/MAMP/htdocs/civi-site/sites/all/modules/contrib/civicrm/CRM/Core/Payment/PayPalImpl.php(77): CRM_Core_Error::fatal("Could not find user name for payment processor")
#2 /Applications/MAMP/htdocs/civi-site/sites/all/modules/contrib/civicrm/Civi/Payment/System.php(55): CRM_Core_Payment_PayPalImpl->__construct("live", (Array:22))
#3 /Applications/MAMP/htdocs/civi-site/sites/all/modules/contrib/civicrm/CRM/Core/Payment.php(100): Civi\Payment\System->getByProcessor((Array:22))
#4 /Applications/MAMP/htdocs/civi-site/sites/all/modules/contrib/civicrm/CRM/Financial/BAO/PaymentProcessor.php(337): CRM_Core_Payment::singleton("live", (Array:22))
#5 /Applications/MAMP/htdocs/civi-site/sites/all/modules/contrib/civicrm/CRM/Financial/BAO/PaymentProcessor.php(370): CRM_Financial_BAO_PaymentProcessor::getAllPaymentProcessors("live")
#6 /Applications/MAMP/htdocs/civi-site/sites/all/modules/contrib/civicrm/CRM/Financial/BAO/PaymentProcessor.php(401): CRM_Financial_BAO_PaymentProcessor::getPaymentProcessors((Array:2))
#7 /Applications/MAMP/htdocs/civi-site/sites/all/modules/contrib/civicrm/CRM/Core/Config.php(890): CRM_Financial_BAO_PaymentProcessor::hasPaymentProcessorSupporting((Array:1))
#8 /Applications/MAMP/htdocs/civi-site/sites/all/modules/contrib/civicrm/CRM/Core/Block.php(379): CRM_Core_Config::isEnabledBackOfficeCreditCardPayments()
#9 /Applications/MAMP/htdocs/civi-site/sites/all/modules/contrib/civicrm/CRM/Core/Block.php(297): CRM_Core_Block::setTemplateShortcutValues()
#10 /Applications/MAMP/htdocs/civi-site/sites/all/modules/contrib/civicrm/CRM/Core/Block.php(629): CRM_Core_Block::setTemplateValues("1")
#11 /Applications/MAMP/htdocs/civi-site/sites/all/modules/contrib/civicrm/drupal/civicrm.module(95): CRM_Core_Block::getContent("1")
#12 [internal function](): civicrm_block_view("1")
#13 /Applications/MAMP/htdocs/civi-site/includes/module.inc(905): call_user_func_array("civicrm_block_view", (Array:1))
#14 /Applications/MAMP/htdocs/civi-site/modules/block/block.module(905): module_invoke("civicrm", "block_view", "1")
#15 /Applications/MAMP/htdocs/civi-site/modules/block/block.module(686): _block_render_blocks((Array:8))
#16 /Applications/MAMP/htdocs/civi-site/modules/block/block.module(318): block_list("sidebar_first")
#17 /Applications/MAMP/htdocs/civi-site/modules/block/block.module(268): block_get_blocks_by_region("sidebar_first")
#18 /Applications/MAMP/htdocs/civi-site/includes/common.inc(5851): block_page_build((Array:4))
#19 /Applications/MAMP/htdocs/civi-site/includes/common.inc(2729): drupal_render_page("\n\n<div id=\"crm-container\" class=\"crm-container\" lang=\"en\" xml:lang=\"...")
#20 /Applications/MAMP/htdocs/civi-site/includes/common.inc(2611): drupal_deliver_html_page("\n\n<div id=\"crm-container\" class=\"crm-container\" lang=\"en\" xml:lang=\"...")
#21 /Applications/MAMP/htdocs/civi-site/includes/menu.inc(542): drupal_deliver_page("\n\n<div id=\"crm-container\" class=\"crm-container\" lang=\"en\" xml:lang=\"...", "")
#22 /Applications/MAMP/htdocs/civi-site/index.php(21): menu_execute_active_handler()
#23 {main}


Jan 20 15:36:36  [info] $Fatal Error Details = Array
(
    [message] => Could not find user name for payment processor
    [code] => 
)


Jan 20 15:36:36  [info] $backTrace = #0 /Applications/MAMP/htdocs/civi-site/sites/all/modules/contrib/civicrm/CRM/Core/Error.php(364): CRM_Core_Error::backtrace("backTrace", TRUE)
#1 /Applications/MAMP/htdocs/civi-site/sites/all/modules/contrib/civicrm/CRM/Core/Payment/PayPalImpl.php(77): CRM_Core_Error::fatal("Could not find user name for payment processor")
#2 /Applications/MAMP/htdocs/civi-site/sites/all/modules/contrib/civicrm/Civi/Payment/System.php(55): CRM_Core_Payment_PayPalImpl->__construct("live", (Array:22))
#3 /Applications/MAMP/htdocs/civi-site/sites/all/modules/contrib/civicrm/CRM/Core/Payment.php(100): Civi\Payment\System->getByProcessor((Array:22))
#4 /Applications/MAMP/htdocs/civi-site/sites/all/modules/contrib/civicrm/CRM/Financial/BAO/PaymentProcessor.php(337): CRM_Core_Payment::singleton("live", (Array:22))
#5 /Applications/MAMP/htdocs/civi-site/sites/all/modules/contrib/civicrm/CRM/Financial/BAO/PaymentProcessor.php(370): CRM_Financial_BAO_PaymentProcessor::getAllPaymentProcessors("live")
#6 /Applications/MAMP/htdocs/civi-site/sites/all/modules/contrib/civicrm/CRM/Financial/BAO/PaymentProcessor.php(401): CRM_Financial_BAO_PaymentProcessor::getPaymentProcessors((Array:2))
#7 /Applications/MAMP/htdocs/civi-site/sites/all/modules/contrib/civicrm/CRM/Core/Config.php(890): CRM_Financial_BAO_PaymentProcessor::hasPaymentProcessorSupporting((Array:1))
#8 /Applications/MAMP/htdocs/civi-site/sites/all/modules/contrib/civicrm/CRM/Core/Block.php(379): CRM_Core_Config::isEnabledBackOfficeCreditCardPayments()
#9 /Applications/MAMP/htdocs/civi-site/sites/all/modules/contrib/civicrm/CRM/Core/Block.php(297): CRM_Core_Block::setTemplateShortcutValues()
#10 /Applications/MAMP/htdocs/civi-site/sites/all/modules/contrib/civicrm/CRM/Core/Block.php(629): CRM_Core_Block::setTemplateValues("1")
#11 /Applications/MAMP/htdocs/civi-site/sites/all/modules/contrib/civicrm/drupal/civicrm.module(95): CRM_Core_Block::getContent("1")
#12 [internal function](): civicrm_block_view("1")
#13 /Applications/MAMP/htdocs/civi-site/includes/module.inc(905): call_user_func_array("civicrm_block_view", (Array:1))
#14 /Applications/MAMP/htdocs/civi-site/modules/block/block.module(905): module_invoke("civicrm", "block_view", "1")
#15 /Applications/MAMP/htdocs/civi-site/modules/block/block.module(686): _block_render_blocks((Array:8))
#16 /Applications/MAMP/htdocs/civi-site/modules/block/block.module(318): block_list("sidebar_first")
#17 /Applications/MAMP/htdocs/civi-site/modules/block/block.module(268): block_get_blocks_by_region("sidebar_first")
#18 /Applications/MAMP/htdocs/civi-site/includes/common.inc(5851): block_page_build((Array:4))
#19 /Applications/MAMP/htdocs/civi-site/includes/common.inc(2729): drupal_render_page("\n\n<div id=\"crm-container\" class=\"crm-container\" lang=\"en\" xml:lang=\"...")
#20 /Applications/MAMP/htdocs/civi-site/includes/common.inc(2611): drupal_deliver_html_page("\n\n<div id=\"crm-container\" class=\"crm-container\" lang=\"en\" xml:lang=\"...")
#21 /Applications/MAMP/htdocs/civi-site/includes/menu.inc(542): drupal_deliver_page("\n\n<div id=\"crm-container\" class=\"crm-container\" lang=\"en\" xml:lang=\"...", "")
#22 /Applications/MAMP/htdocs/civi-site/index.php(21): menu_execute_active_handler()
#23 {main}


Jan 20 15:37:33  [info] $Fatal Error Details = Array
(
    [message] => Could not find user name for payment processor
    [code] => 
)


Jan 20 15:37:33  [info] $backTrace = #0 /Applications/MAMP/htdocs/civi-site/sites/all/modules/contrib/civicrm/CRM/Core/Error.php(364): CRM_Core_Error::backtrace("backTrace", TRUE)
#1 /Applications/MAMP/htdocs/civi-site/sites/all/modules/contrib/civicrm/CRM/Core/Payment/PayPalImpl.php(77): CRM_Core_Error::fatal("Could not find user name for payment processor")
#2 /Applications/MAMP/htdocs/civi-site/sites/all/modules/contrib/civicrm/Civi/Payment/System.php(55): CRM_Core_Payment_PayPalImpl->__construct("live", (Array:22))
#3 /Applications/MAMP/htdocs/civi-site/sites/all/modules/contrib/civicrm/CRM/Core/Payment.php(100): Civi\Payment\System->getByProcessor((Array:22))
#4 /Applications/MAMP/htdocs/civi-site/sites/all/modules/contrib/civicrm/CRM/Financial/BAO/PaymentProcessor.php(337): CRM_Core_Payment::singleton("live", (Array:22))
#5 /Applications/MAMP/htdocs/civi-site/sites/all/modules/contrib/civicrm/CRM/Financial/BAO/PaymentProcessor.php(370): CRM_Financial_BAO_PaymentProcessor::getAllPaymentProcessors("live")
#6 /Applications/MAMP/htdocs/civi-site/sites/all/modules/contrib/civicrm/CRM/Financial/BAO/PaymentProcessor.php(401): CRM_Financial_BAO_PaymentProcessor::getPaymentProcessors((Array:2))
#7 /Applications/MAMP/htdocs/civi-site/sites/all/modules/contrib/civicrm/CRM/Core/Config.php(890): CRM_Financial_BAO_PaymentProcessor::hasPaymentProcessorSupporting((Array:1))
#8 /Applications/MAMP/htdocs/civi-site/sites/all/modules/contrib/civicrm/CRM/Core/Block.php(379): CRM_Core_Config::isEnabledBackOfficeCreditCardPayments()
#9 /Applications/MAMP/htdocs/civi-site/sites/all/modules/contrib/civicrm/CRM/Core/Block.php(297): CRM_Core_Block::setTemplateShortcutValues()
#10 /Applications/MAMP/htdocs/civi-site/sites/all/modules/contrib/civicrm/CRM/Core/Block.php(629): CRM_Core_Block::setTemplateValues("1")
#11 /Applications/MAMP/htdocs/civi-site/sites/all/modules/contrib/civicrm/drupal/civicrm.module(95): CRM_Core_Block::getContent("1")
#12 [internal function](): civicrm_block_view("1")
#13 /Applications/MAMP/htdocs/civi-site/includes/module.inc(905): call_user_func_array("civicrm_block_view", (Array:1))
#14 /Applications/MAMP/htdocs/civi-site/modules/block/block.module(905): module_invoke("civicrm", "block_view", "1")
#15 /Applications/MAMP/htdocs/civi-site/modules/block/block.module(686): _block_render_blocks((Array:8))
#16 /Applications/MAMP/htdocs/civi-site/modules/block/block.module(318): block_list("sidebar_first")
#17 /Applications/MAMP/htdocs/civi-site/modules/block/block.module(268): block_get_blocks_by_region("sidebar_first")
#18 /Applications/MAMP/htdocs/civi-site/includes/common.inc(5851): block_page_build((Array:4))
#19 /Applications/MAMP/htdocs/civi-site/includes/common.inc(2729): drupal_render_page("\n\n<div id=\"crm-container\" class=\"crm-container\" lang=\"en\" xml:lang=\"...")
#20 /Applications/MAMP/htdocs/civi-site/includes/common.inc(2611): drupal_deliver_html_page("\n\n<div id=\"crm-container\" class=\"crm-container\" lang=\"en\" xml:lang=\"...")
#21 /Applications/MAMP/htdocs/civi-site/includes/menu.inc(542): drupal_deliver_page("\n\n<div id=\"crm-container\" class=\"crm-container\" lang=\"en\" xml:lang=\"...", "")
#22 /Applications/MAMP/htdocs/civi-site/index.php(21): menu_execute_active_handler()
#23 {main}


Jan 20 15:38:44  [info] $Fatal Error Details = Array
(
    [message] => Could not find user name for payment processor
    [code] => 
)


Jan 20 15:38:44  [info] $backTrace = #0 /Applications/MAMP/htdocs/civi-site/sites/all/modules/contrib/civicrm/CRM/Core/Error.php(364): CRM_Core_Error::backtrace("backTrace", TRUE)
#1 /Applications/MAMP/htdocs/civi-site/sites/all/modules/contrib/civicrm/CRM/Core/Payment/PayPalImpl.php(77): CRM_Core_Error::fatal("Could not find user name for payment processor")
#2 /Applications/MAMP/htdocs/civi-site/sites/all/modules/contrib/civicrm/Civi/Payment/System.php(55): CRM_Core_Payment_PayPalImpl->__construct("live", (Array:22))
#3 /Applications/MAMP/htdocs/civi-site/sites/all/modules/contrib/civicrm/CRM/Core/Payment.php(100): Civi\Payment\System->getByProcessor((Array:22))
#4 /Applications/MAMP/htdocs/civi-site/sites/all/modules/contrib/civicrm/CRM/Financial/BAO/PaymentProcessor.php(337): CRM_Core_Payment::singleton("live", (Array:22))
#5 /Applications/MAMP/htdocs/civi-site/sites/all/modules/contrib/civicrm/CRM/Financial/BAO/PaymentProcessor.php(370): CRM_Financial_BAO_PaymentProcessor::getAllPaymentProcessors("live")
#6 /Applications/MAMP/htdocs/civi-site/sites/all/modules/contrib/civicrm/CRM/Financial/BAO/PaymentProcessor.php(401): CRM_Financial_BAO_PaymentProcessor::getPaymentProcessors((Array:2))
#7 /Applications/MAMP/htdocs/civi-site/sites/all/modules/contrib/civicrm/CRM/Core/Config.php(890): CRM_Financial_BAO_PaymentProcessor::hasPaymentProcessorSupporting((Array:1))
#8 /Applications/MAMP/htdocs/civi-site/sites/all/modules/contrib/civicrm/CRM/Core/Block.php(379): CRM_Core_Config::isEnabledBackOfficeCreditCardPayments()
#9 /Applications/MAMP/htdocs/civi-site/sites/all/modules/contrib/civicrm/CRM/Core/Block.php(297): CRM_Core_Block::setTemplateShortcutValues()
#10 /Applications/MAMP/htdocs/civi-site/sites/all/modules/contrib/civicrm/CRM/Core/Block.php(629): CRM_Core_Block::setTemplateValues("1")
#11 /Applications/MAMP/htdocs/civi-site/sites/all/modules/contrib/civicrm/drupal/civicrm.module(95): CRM_Core_Block::getContent("1")
#12 [internal function](): civicrm_block_view("1")
#13 /Applications/MAMP/htdocs/civi-site/includes/module.inc(905): call_user_func_array("civicrm_block_view", (Array:1))
#14 /Applications/MAMP/htdocs/civi-site/modules/block/block.module(905): module_invoke("civicrm", "block_view", "1")
#15 /Applications/MAMP/htdocs/civi-site/modules/block/block.module(686): _block_render_blocks((Array:8))
#16 /Applications/MAMP/htdocs/civi-site/modules/block/block.module(318): block_list("sidebar_first")
#17 /Applications/MAMP/htdocs/civi-site/modules/block/block.module(268): block_get_blocks_by_region("sidebar_first")
#18 /Applications/MAMP/htdocs/civi-site/includes/common.inc(5851): block_page_build((Array:4))
#19 /Applications/MAMP/htdocs/civi-site/includes/common.inc(2729): drupal_render_page("\n\n<div id=\"crm-container\" class=\"crm-container\" lang=\"en\" xml:lang=\"...")
#20 /Applications/MAMP/htdocs/civi-site/includes/common.inc(2611): drupal_deliver_html_page("\n\n<div id=\"crm-container\" class=\"crm-container\" lang=\"en\" xml:lang=\"...")
#21 /Applications/MAMP/htdocs/civi-site/includes/menu.inc(542): drupal_deliver_page("\n\n<div id=\"crm-container\" class=\"crm-container\" lang=\"en\" xml:lang=\"...", "")
#22 /Applications/MAMP/htdocs/civi-site/index.php(21): menu_execute_active_handler()
#23 {main}


Jan 20 15:38:45  [info] $Fatal Error Details = Array
(
    [message] => Could not find user name for payment processor
    [code] => 
)


Jan 20 15:38:45  [info] $backTrace = #0 /Applications/MAMP/htdocs/civi-site/sites/all/modules/contrib/civicrm/CRM/Core/Error.php(364): CRM_Core_Error::backtrace("backTrace", TRUE)
#1 /Applications/MAMP/htdocs/civi-site/sites/all/modules/contrib/civicrm/CRM/Core/Payment/PayPalImpl.php(77): CRM_Core_Error::fatal("Could not find user name for payment processor")
#2 /Applications/MAMP/htdocs/civi-site/sites/all/modules/contrib/civicrm/Civi/Payment/System.php(55): CRM_Core_Payment_PayPalImpl->__construct("live", (Array:22))
#3 /Applications/MAMP/htdocs/civi-site/sites/all/modules/contrib/civicrm/CRM/Core/Payment.php(100): Civi\Payment\System->getByProcessor((Array:22))
#4 /Applications/MAMP/htdocs/civi-site/sites/all/modules/contrib/civicrm/CRM/Financial/BAO/PaymentProcessor.php(337): CRM_Core_Payment::singleton("live", (Array:22))
#5 /Applications/MAMP/htdocs/civi-site/sites/all/modules/contrib/civicrm/CRM/Financial/BAO/PaymentProcessor.php(370): CRM_Financial_BAO_PaymentProcessor::getAllPaymentProcessors("live")
#6 /Applications/MAMP/htdocs/civi-site/sites/all/modules/contrib/civicrm/CRM/Financial/BAO/PaymentProcessor.php(401): CRM_Financial_BAO_PaymentProcessor::getPaymentProcessors((Array:2))
#7 /Applications/MAMP/htdocs/civi-site/sites/all/modules/contrib/civicrm/CRM/Core/Config.php(890): CRM_Financial_BAO_PaymentProcessor::hasPaymentProcessorSupporting((Array:1))
#8 /Applications/MAMP/htdocs/civi-site/sites/all/modules/contrib/civicrm/CRM/Core/Block.php(379): CRM_Core_Config::isEnabledBackOfficeCreditCardPayments()
#9 /Applications/MAMP/htdocs/civi-site/sites/all/modules/contrib/civicrm/CRM/Core/Block.php(297): CRM_Core_Block::setTemplateShortcutValues()
#10 /Applications/MAMP/htdocs/civi-site/sites/all/modules/contrib/civicrm/CRM/Core/Block.php(629): CRM_Core_Block::setTemplateValues("1")
#11 /Applications/MAMP/htdocs/civi-site/sites/all/modules/contrib/civicrm/drupal/civicrm.module(95): CRM_Core_Block::getContent("1")
#12 [internal function](): civicrm_block_view("1")
#13 /Applications/MAMP/htdocs/civi-site/includes/module.inc(905): call_user_func_array("civicrm_block_view", (Array:1))
#14 /Applications/MAMP/htdocs/civi-site/modules/block/block.module(905): module_invoke("civicrm", "block_view", "1")
#15 /Applications/MAMP/htdocs/civi-site/modules/block/block.module(686): _block_render_blocks((Array:8))
#16 /Applications/MAMP/htdocs/civi-site/modules/block/block.module(318): block_list("sidebar_first")
#17 /Applications/MAMP/htdocs/civi-site/modules/block/block.module(268): block_get_blocks_by_region("sidebar_first")
#18 /Applications/MAMP/htdocs/civi-site/includes/common.inc(5851): block_page_build((Array:4))
#19 /Applications/MAMP/htdocs/civi-site/includes/common.inc(2729): drupal_render_page("\n\n<div id=\"crm-container\" class=\"crm-container\" lang=\"en\" xml:lang=\"...")
#20 /Applications/MAMP/htdocs/civi-site/includes/common.inc(2611): drupal_deliver_html_page("\n\n<div id=\"crm-container\" class=\"crm-container\" lang=\"en\" xml:lang=\"...")
#21 /Applications/MAMP/htdocs/civi-site/includes/menu.inc(542): drupal_deliver_page("\n\n<div id=\"crm-container\" class=\"crm-container\" lang=\"en\" xml:lang=\"...", "")
#22 /Applications/MAMP/htdocs/civi-site/index.php(21): menu_execute_active_handler()
#23 {main}


Jan 21 10:59:04  [info] $Fatal Error Details = Array
(
    [message] => One of parameters  (value: ) is not of the type Integer
    [code] => 
)


Jan 21 10:59:04  [info] $backTrace = #0 /Applications/MAMP/htdocs/civi-site/sites/all/modules/contrib/civicrm/CRM/Core/Error.php(322): CRM_Core_Error::backtrace("backTrace", TRUE)
#1 /Applications/MAMP/htdocs/civi-site/sites/all/modules/contrib/civicrm/CRM/Utils/Type.php(371): CRM_Core_Error::fatal("One of parameters  (value: ) is not of the type Integer")
#2 /Applications/MAMP/htdocs/civi-site/sites/all/modules/contrib/civicrm/CRM/Core/DAO.php(1260): CRM_Utils_Type::validate(FALSE, "Integer")
#3 /Applications/MAMP/htdocs/civi-site/sites/all/modules/contrib/civicrm/CRM/Core/DAO.php(1179): CRM_Core_DAO::composeQuery("SELECT id,name,label,html_type,is_enter_qty,help_pre,help_post,weight,is_disp...", (Array:1), TRUE)
#4 /Applications/MAMP/htdocs/civi-site/sites/all/modules/contrib/civicrm/CRM/Price/BAO/PriceSet.php(543): CRM_Core_DAO::executeQuery("SELECT id,name,label,html_type,is_enter_qty,help_pre,help_post,weight,is_disp...", (Array:1))
#5 /Applications/MAMP/htdocs/civi-site/sites/all/modules/contrib/civicrm/CRM/Contribute/Form/Contribution/Confirm.php(2029): CRM_Price_BAO_PriceSet::getSetDetail(FALSE)
#6 /Applications/MAMP/htdocs/civi-site/sites/all/modules/contrib/civicrm/api/v3/ContributionPage.php(103): CRM_Contribute_Form_Contribution_Confirm::submit((Array:17))
#7 /Applications/MAMP/htdocs/civi-site/sites/all/modules/contrib/civicrm/Civi/API/Provider/MagicFunctionProvider.php(89): civicrm_api3_contribution_page_submit((Array:17))
#8 /Applications/MAMP/htdocs/civi-site/sites/all/modules/contrib/civicrm/Civi/API/Kernel.php(96): Civi\API\Provider\MagicFunctionProvider->invoke((Array:9))
#9 /Applications/MAMP/htdocs/civi-site/sites/all/modules/contrib/civicrm/api/api.php(23): Civi\API\Kernel->run("ContributionPage", "submit", (Array:17), NULL)
#10 /Applications/MAMP/htdocs/civi-site/sites/all/modules/contrib/civicrm/api/api.php(43): civicrm_api("ContributionPage", "submit", (Array:17))
#11 /Applications/MAMP/htdocs/civi-site/sites/all/modules/custom/civi_pcp/civi_pcp.module(56): civicrm_api3("ContributionPage", "submit", (Array:16))
#12 [internal function](): civi_pcp_webform_submission_insert(Object(stdClass), Object(stdClass))
#13 /Applications/MAMP/htdocs/civi-site/includes/module.inc(934): call_user_func_array("civi_pcp_webform_submission_insert", (Array:2))
#14 /Applications/MAMP/htdocs/civi-site/sites/all/modules/contrib/webform/includes/webform.submissions.inc(173): module_invoke_all("webform_submission_insert", Object(stdClass), Object(stdClass))
#15 /Applications/MAMP/htdocs/civi-site/sites/all/modules/contrib/webform/webform.module(3298): webform_submission_insert(Object(stdClass), Object(stdClass))
#16 /Applications/MAMP/htdocs/civi-site/includes/form.inc(1519): webform_client_form_submit((Array:35), (Array:25))
#17 /Applications/MAMP/htdocs/civi-site/includes/form.inc(903): form_execute_handlers("submit", (Array:35), (Array:25))
#18 /Applications/MAMP/htdocs/civi-site/includes/form.inc(385): drupal_process_form("webform_client_form_2", (Array:35), (Array:25))
#19 /Applications/MAMP/htdocs/civi-site/includes/form.inc(130): drupal_build_form("webform_client_form_2", (Array:25))
#20 /Applications/MAMP/htdocs/civi-site/sites/all/modules/contrib/webform/webform.module(1986): drupal_get_form("webform_client_form_2", Object(stdClass), FALSE, FALSE)
#21 [internal function](): webform_node_view(Object(stdClass), "full", "en")
#22 /Applications/MAMP/htdocs/civi-site/includes/module.inc(934): call_user_func_array("webform_node_view", (Array:3))
#23 /Applications/MAMP/htdocs/civi-site/modules/node/node.module(1441): module_invoke_all("node_view", Object(stdClass), "full", "en")
#24 /Applications/MAMP/htdocs/civi-site/modules/node/node.module(1336): node_build_content(Object(stdClass), "full", "en")
#25 /Applications/MAMP/htdocs/civi-site/modules/node/node.module(2669): node_view(Object(stdClass), "full", NULL)
#26 /Applications/MAMP/htdocs/civi-site/modules/node/node.module(1466): node_view_multiple((Array:1), "full")
#27 /Applications/MAMP/htdocs/civi-site/modules/node/node.module(2761): node_show(Object(stdClass))
#28 [internal function](): node_page_view(Object(stdClass))
#29 /Applications/MAMP/htdocs/civi-site/includes/menu.inc(527): call_user_func_array("node_page_view", (Array:1))
#30 /Applications/MAMP/htdocs/civi-site/index.php(21): menu_execute_active_handler()
#31 {main}


Jan 22 10:00:39  [info] $Fatal Error Details = Array
(
    [message] => One of parameters  (value: ) is not of the type Integer
    [code] => 
)


Jan 22 10:00:39  [info] $backTrace = #0 /Applications/MAMP/htdocs/civi-site/sites/all/modules/contrib/civicrm/CRM/Core/Error.php(322): CRM_Core_Error::backtrace("backTrace", TRUE)
#1 /Applications/MAMP/htdocs/civi-site/sites/all/modules/contrib/civicrm/CRM/Utils/Type.php(371): CRM_Core_Error::fatal("One of parameters  (value: ) is not of the type Integer")
#2 /Applications/MAMP/htdocs/civi-site/sites/all/modules/contrib/civicrm/CRM/Core/DAO.php(1260): CRM_Utils_Type::validate(FALSE, "Integer")
#3 /Applications/MAMP/htdocs/civi-site/sites/all/modules/contrib/civicrm/CRM/Core/DAO.php(1179): CRM_Core_DAO::composeQuery("SELECT id,name,label,html_type,is_enter_qty,help_pre,help_post,weight,is_disp...", (Array:1), TRUE)
#4 /Applications/MAMP/htdocs/civi-site/sites/all/modules/contrib/civicrm/CRM/Price/BAO/PriceSet.php(543): CRM_Core_DAO::executeQuery("SELECT id,name,label,html_type,is_enter_qty,help_pre,help_post,weight,is_disp...", (Array:1))
#5 /Applications/MAMP/htdocs/civi-site/sites/all/modules/contrib/civicrm/CRM/Contribute/Form/Contribution/Confirm.php(2029): CRM_Price_BAO_PriceSet::getSetDetail(FALSE)
#6 /Applications/MAMP/htdocs/civi-site/sites/all/modules/contrib/civicrm/api/v3/ContributionPage.php(103): CRM_Contribute_Form_Contribution_Confirm::submit((Array:17))
#7 /Applications/MAMP/htdocs/civi-site/sites/all/modules/contrib/civicrm/Civi/API/Provider/MagicFunctionProvider.php(89): civicrm_api3_contribution_page_submit((Array:17))
#8 /Applications/MAMP/htdocs/civi-site/sites/all/modules/contrib/civicrm/Civi/API/Kernel.php(96): Civi\API\Provider\MagicFunctionProvider->invoke((Array:9))
#9 /Applications/MAMP/htdocs/civi-site/sites/all/modules/contrib/civicrm/api/api.php(23): Civi\API\Kernel->run("ContributionPage", "submit", (Array:17), NULL)
#10 /Applications/MAMP/htdocs/civi-site/sites/all/modules/contrib/civicrm/api/api.php(43): civicrm_api("ContributionPage", "submit", (Array:17))
#11 /Applications/MAMP/htdocs/civi-site/sites/all/modules/custom/civi_pcp/civi_pcp.module(57): civicrm_api3("ContributionPage", "submit", (Array:16))
#12 [internal function](): civi_pcp_webform_submission_insert(Object(stdClass), Object(stdClass))
#13 /Applications/MAMP/htdocs/civi-site/includes/module.inc(934): call_user_func_array("civi_pcp_webform_submission_insert", (Array:2))
#14 /Applications/MAMP/htdocs/civi-site/sites/all/modules/contrib/webform/includes/webform.submissions.inc(173): module_invoke_all("webform_submission_insert", Object(stdClass), Object(stdClass))
#15 /Applications/MAMP/htdocs/civi-site/sites/all/modules/contrib/webform/webform.module(3298): webform_submission_insert(Object(stdClass), Object(stdClass))
#16 /Applications/MAMP/htdocs/civi-site/includes/form.inc(1519): webform_client_form_submit((Array:35), (Array:25))
#17 /Applications/MAMP/htdocs/civi-site/includes/form.inc(903): form_execute_handlers("submit", (Array:35), (Array:25))
#18 /Applications/MAMP/htdocs/civi-site/includes/form.inc(385): drupal_process_form("webform_client_form_2", (Array:35), (Array:25))
#19 /Applications/MAMP/htdocs/civi-site/includes/form.inc(130): drupal_build_form("webform_client_form_2", (Array:25))
#20 /Applications/MAMP/htdocs/civi-site/sites/all/modules/contrib/webform/webform.module(1986): drupal_get_form("webform_client_form_2", Object(stdClass), FALSE, FALSE)
#21 [internal function](): webform_node_view(Object(stdClass), "full", "en")
#22 /Applications/MAMP/htdocs/civi-site/includes/module.inc(934): call_user_func_array("webform_node_view", (Array:3))
#23 /Applications/MAMP/htdocs/civi-site/modules/node/node.module(1441): module_invoke_all("node_view", Object(stdClass), "full", "en")
#24 /Applications/MAMP/htdocs/civi-site/modules/node/node.module(1336): node_build_content(Object(stdClass), "full", "en")
#25 /Applications/MAMP/htdocs/civi-site/modules/node/node.module(2669): node_view(Object(stdClass), "full", NULL)
#26 /Applications/MAMP/htdocs/civi-site/modules/node/node.module(1466): node_view_multiple((Array:1), "full")
#27 /Applications/MAMP/htdocs/civi-site/modules/node/node.module(2761): node_show(Object(stdClass))
#28 [internal function](): node_page_view(Object(stdClass))
#29 /Applications/MAMP/htdocs/civi-site/includes/menu.inc(527): call_user_func_array("node_page_view", (Array:1))
#30 /Applications/MAMP/htdocs/civi-site/index.php(21): menu_execute_active_handler()
#31 {main}


Jan 22 10:36:49  [info] $Fatal Error Details = Array
(
    [message] => One of parameters  (value: ) is not of the type Integer
    [code] => 
)


Jan 22 10:36:49  [info] $backTrace = #0 /Applications/MAMP/htdocs/civi-site/sites/all/modules/contrib/civicrm/CRM/Core/Error.php(322): CRM_Core_Error::backtrace("backTrace", TRUE)
#1 /Applications/MAMP/htdocs/civi-site/sites/all/modules/contrib/civicrm/CRM/Utils/Type.php(371): CRM_Core_Error::fatal("One of parameters  (value: ) is not of the type Integer")
#2 /Applications/MAMP/htdocs/civi-site/sites/all/modules/contrib/civicrm/CRM/Core/DAO.php(1260): CRM_Utils_Type::validate(FALSE, "Integer")
#3 /Applications/MAMP/htdocs/civi-site/sites/all/modules/contrib/civicrm/CRM/Core/DAO.php(1179): CRM_Core_DAO::composeQuery("SELECT id,name,label,html_type,is_enter_qty,help_pre,help_post,weight,is_disp...", (Array:1), TRUE)
#4 /Applications/MAMP/htdocs/civi-site/sites/all/modules/contrib/civicrm/CRM/Price/BAO/PriceSet.php(543): CRM_Core_DAO::executeQuery("SELECT id,name,label,html_type,is_enter_qty,help_pre,help_post,weight,is_disp...", (Array:1))
#5 /Applications/MAMP/htdocs/civi-site/sites/all/modules/contrib/civicrm/CRM/Contribute/Form/Contribution/Confirm.php(2029): CRM_Price_BAO_PriceSet::getSetDetail(FALSE)
#6 /Applications/MAMP/htdocs/civi-site/sites/all/modules/contrib/civicrm/api/v3/ContributionPage.php(103): CRM_Contribute_Form_Contribution_Confirm::submit((Array:17))
#7 /Applications/MAMP/htdocs/civi-site/sites/all/modules/contrib/civicrm/Civi/API/Provider/MagicFunctionProvider.php(89): civicrm_api3_contribution_page_submit((Array:17))
#8 /Applications/MAMP/htdocs/civi-site/sites/all/modules/contrib/civicrm/Civi/API/Kernel.php(96): Civi\API\Provider\MagicFunctionProvider->invoke((Array:9))
#9 /Applications/MAMP/htdocs/civi-site/sites/all/modules/contrib/civicrm/api/api.php(23): Civi\API\Kernel->run("ContributionPage", "submit", (Array:17), NULL)
#10 /Applications/MAMP/htdocs/civi-site/sites/all/modules/contrib/civicrm/api/api.php(43): civicrm_api("ContributionPage", "submit", (Array:17))
#11 /Applications/MAMP/htdocs/civi-site/sites/all/modules/custom/civi_pcp/civi_pcp.module(60): civicrm_api3("ContributionPage", "submit", (Array:16))
#12 [internal function](): civi_pcp_webform_submission_insert(Object(stdClass), Object(stdClass))
#13 /Applications/MAMP/htdocs/civi-site/includes/module.inc(934): call_user_func_array("civi_pcp_webform_submission_insert", (Array:2))
#14 /Applications/MAMP/htdocs/civi-site/sites/all/modules/contrib/webform/includes/webform.submissions.inc(173): module_invoke_all("webform_submission_insert", Object(stdClass), Object(stdClass))
#15 /Applications/MAMP/htdocs/civi-site/sites/all/modules/contrib/webform/webform.module(3298): webform_submission_insert(Object(stdClass), Object(stdClass))
#16 /Applications/MAMP/htdocs/civi-site/includes/form.inc(1519): webform_client_form_submit((Array:35), (Array:25))
#17 /Applications/MAMP/htdocs/civi-site/includes/form.inc(903): form_execute_handlers("submit", (Array:35), (Array:25))
#18 /Applications/MAMP/htdocs/civi-site/includes/form.inc(385): drupal_process_form("webform_client_form_2", (Array:35), (Array:25))
#19 /Applications/MAMP/htdocs/civi-site/includes/form.inc(130): drupal_build_form("webform_client_form_2", (Array:25))
#20 /Applications/MAMP/htdocs/civi-site/sites/all/modules/contrib/webform/webform.module(1986): drupal_get_form("webform_client_form_2", Object(stdClass), FALSE, FALSE)
#21 [internal function](): webform_node_view(Object(stdClass), "full", "en")
#22 /Applications/MAMP/htdocs/civi-site/includes/module.inc(934): call_user_func_array("webform_node_view", (Array:3))
#23 /Applications/MAMP/htdocs/civi-site/modules/node/node.module(1441): module_invoke_all("node_view", Object(stdClass), "full", "en")
#24 /Applications/MAMP/htdocs/civi-site/modules/node/node.module(1336): node_build_content(Object(stdClass), "full", "en")
#25 /Applications/MAMP/htdocs/civi-site/modules/node/node.module(2669): node_view(Object(stdClass), "full", NULL)
#26 /Applications/MAMP/htdocs/civi-site/modules/node/node.module(1466): node_view_multiple((Array:1), "full")
#27 /Applications/MAMP/htdocs/civi-site/modules/node/node.module(2761): node_show(Object(stdClass))
#28 [internal function](): node_page_view(Object(stdClass))
#29 /Applications/MAMP/htdocs/civi-site/includes/menu.inc(527): call_user_func_array("node_page_view", (Array:1))
#30 /Applications/MAMP/htdocs/civi-site/index.php(21): menu_execute_active_handler()
#31 {main}


Jan 22 14:00:13  [info] $Fatal Error Details = Array
(
    [message] => A payment processor must be selected for this contribution page (contact the site administrator for assistance).
    [code] => 
)


Jan 22 14:00:13  [info] $backTrace = #0 /Applications/MAMP/htdocs/civi-site/sites/all/modules/contrib/civicrm/CRM/Core/Error.php(364): CRM_Core_Error::backtrace("backTrace", TRUE)
#1 /Applications/MAMP/htdocs/civi-site/sites/all/modules/contrib/civicrm/CRM/Contribute/Form/ContributionBase.php(330): CRM_Core_Error::fatal("A payment processor must be selected for this contribution page (contact the ...")
#2 /Applications/MAMP/htdocs/civi-site/sites/all/modules/contrib/civicrm/CRM/Contribute/Form/Contribution/Main.php(73): CRM_Contribute_Form_ContributionBase->preProcess()
#3 /Applications/MAMP/htdocs/civi-site/sites/all/modules/contrib/civicrm/CRM/Core/Form.php(455): CRM_Contribute_Form_Contribution_Main->preProcess()
#4 /Applications/MAMP/htdocs/civi-site/sites/all/modules/contrib/civicrm/CRM/Core/QuickForm/Action/Display.php(94): CRM_Core_Form->buildForm()
#5 /Applications/MAMP/htdocs/civi-site/sites/all/modules/contrib/civicrm/packages/HTML/QuickForm/Controller.php(203): CRM_Core_QuickForm_Action_Display->perform(Object(CRM_Contribute_Form_Contribution_Main), "display")
#6 /Applications/MAMP/htdocs/civi-site/sites/all/modules/contrib/civicrm/packages/HTML/QuickForm/Page.php(103): HTML_QuickForm_Controller->handle(Object(CRM_Contribute_Form_Contribution_Main), "display")
#7 /Applications/MAMP/htdocs/civi-site/sites/all/modules/contrib/civicrm/CRM/Core/Controller.php(353): HTML_QuickForm_Page->handle("display")
#8 /Applications/MAMP/htdocs/civi-site/sites/all/modules/contrib/civicrm/CRM/Core/Invoke.php(312): CRM_Core_Controller->run((Array:3), NULL)
#9 /Applications/MAMP/htdocs/civi-site/sites/all/modules/contrib/civicrm/CRM/Core/Invoke.php(86): CRM_Core_Invoke::runItem((Array:15))
#10 /Applications/MAMP/htdocs/civi-site/sites/all/modules/contrib/civicrm/CRM/Core/Invoke.php(54): CRM_Core_Invoke::_invoke((Array:3))
#11 /Applications/MAMP/htdocs/civi-site/sites/all/modules/contrib/civicrm/drupal/civicrm.module(489): CRM_Core_Invoke::invoke((Array:3))
#12 [internal function](): civicrm_invoke("contribute", "transact")
#13 /Applications/MAMP/htdocs/civi-site/includes/menu.inc(527): call_user_func_array("civicrm_invoke", (Array:2))
#14 /Applications/MAMP/htdocs/civi-site/index.php(21): menu_execute_active_handler()
#15 {main}


Jan 22 14:45:26  [info] $Fatal Error Details = Array
(
    [message] => A payment processor must be selected for this contribution page (contact the site administrator for assistance).
    [code] => 
)


Jan 22 14:45:26  [info] $backTrace = #0 /Applications/MAMP/htdocs/civi-site/sites/all/modules/contrib/civicrm/CRM/Core/Error.php(364): CRM_Core_Error::backtrace("backTrace", TRUE)
#1 /Applications/MAMP/htdocs/civi-site/sites/all/modules/contrib/civicrm/CRM/Contribute/Form/ContributionBase.php(330): CRM_Core_Error::fatal("A payment processor must be selected for this contribution page (contact the ...")
#2 /Applications/MAMP/htdocs/civi-site/sites/all/modules/contrib/civicrm/CRM/Contribute/Form/Contribution/Main.php(73): CRM_Contribute_Form_ContributionBase->preProcess()
#3 /Applications/MAMP/htdocs/civi-site/sites/all/modules/contrib/civicrm/CRM/Core/Form.php(455): CRM_Contribute_Form_Contribution_Main->preProcess()
#4 /Applications/MAMP/htdocs/civi-site/sites/all/modules/contrib/civicrm/CRM/Core/QuickForm/Action/Display.php(94): CRM_Core_Form->buildForm()
#5 /Applications/MAMP/htdocs/civi-site/sites/all/modules/contrib/civicrm/packages/HTML/QuickForm/Controller.php(203): CRM_Core_QuickForm_Action_Display->perform(Object(CRM_Contribute_Form_Contribution_Main), "display")
#6 /Applications/MAMP/htdocs/civi-site/sites/all/modules/contrib/civicrm/packages/HTML/QuickForm/Page.php(103): HTML_QuickForm_Controller->handle(Object(CRM_Contribute_Form_Contribution_Main), "display")
#7 /Applications/MAMP/htdocs/civi-site/sites/all/modules/contrib/civicrm/CRM/Core/Controller.php(353): HTML_QuickForm_Page->handle("display")
#8 /Applications/MAMP/htdocs/civi-site/sites/all/modules/contrib/civicrm/CRM/Core/Invoke.php(312): CRM_Core_Controller->run((Array:3), NULL)
#9 /Applications/MAMP/htdocs/civi-site/sites/all/modules/contrib/civicrm/CRM/Core/Invoke.php(86): CRM_Core_Invoke::runItem((Array:15))
#10 /Applications/MAMP/htdocs/civi-site/sites/all/modules/contrib/civicrm/CRM/Core/Invoke.php(54): CRM_Core_Invoke::_invoke((Array:3))
#11 /Applications/MAMP/htdocs/civi-site/sites/all/modules/contrib/civicrm/drupal/civicrm.module(489): CRM_Core_Invoke::invoke((Array:3))
#12 [internal function](): civicrm_invoke("contribute", "transact")
#13 /Applications/MAMP/htdocs/civi-site/includes/menu.inc(527): call_user_func_array("civicrm_invoke", (Array:2))
#14 /Applications/MAMP/htdocs/civi-site/index.php(21): menu_execute_active_handler()
#15 {main}


Jan 22 14:50:01  [info] $Fatal Error Details = Array
(
    [message] => A payment processor must be selected for this contribution page (contact the site administrator for assistance).
    [code] => 
)


Jan 22 14:50:01  [info] $backTrace = #0 /Applications/MAMP/htdocs/civi-site/sites/all/modules/contrib/civicrm/CRM/Core/Error.php(364): CRM_Core_Error::backtrace("backTrace", TRUE)
#1 /Applications/MAMP/htdocs/civi-site/sites/all/modules/contrib/civicrm/CRM/Contribute/Form/ContributionBase.php(330): CRM_Core_Error::fatal("A payment processor must be selected for this contribution page (contact the ...")
#2 /Applications/MAMP/htdocs/civi-site/sites/all/modules/contrib/civicrm/CRM/Contribute/Form/Contribution/Main.php(73): CRM_Contribute_Form_ContributionBase->preProcess()
#3 /Applications/MAMP/htdocs/civi-site/sites/all/modules/contrib/civicrm/CRM/Core/Form.php(455): CRM_Contribute_Form_Contribution_Main->preProcess()
#4 /Applications/MAMP/htdocs/civi-site/sites/all/modules/contrib/civicrm/CRM/Core/QuickForm/Action/Display.php(94): CRM_Core_Form->buildForm()
#5 /Applications/MAMP/htdocs/civi-site/sites/all/modules/contrib/civicrm/packages/HTML/QuickForm/Controller.php(203): CRM_Core_QuickForm_Action_Display->perform(Object(CRM_Contribute_Form_Contribution_Main), "display")
#6 /Applications/MAMP/htdocs/civi-site/sites/all/modules/contrib/civicrm/packages/HTML/QuickForm/Page.php(103): HTML_QuickForm_Controller->handle(Object(CRM_Contribute_Form_Contribution_Main), "display")
#7 /Applications/MAMP/htdocs/civi-site/sites/all/modules/contrib/civicrm/CRM/Core/Controller.php(353): HTML_QuickForm_Page->handle("display")
#8 /Applications/MAMP/htdocs/civi-site/sites/all/modules/contrib/civicrm/CRM/Core/Invoke.php(312): CRM_Core_Controller->run((Array:3), NULL)
#9 /Applications/MAMP/htdocs/civi-site/sites/all/modules/contrib/civicrm/CRM/Core/Invoke.php(86): CRM_Core_Invoke::runItem((Array:15))
#10 /Applications/MAMP/htdocs/civi-site/sites/all/modules/contrib/civicrm/CRM/Core/Invoke.php(54): CRM_Core_Invoke::_invoke((Array:3))
#11 /Applications/MAMP/htdocs/civi-site/sites/all/modules/contrib/civicrm/drupal/civicrm.module(489): CRM_Core_Invoke::invoke((Array:3))
#12 [internal function](): civicrm_invoke("contribute", "transact")
#13 /Applications/MAMP/htdocs/civi-site/includes/menu.inc(527): call_user_func_array("civicrm_invoke", (Array:2))
#14 /Applications/MAMP/htdocs/civi-site/index.php(21): menu_execute_active_handler()
#15 {main}


Jan 25 16:59:46  [info] $Fatal Error Details = Array
(
    [message] => A payment processor must be selected for this contribution page (contact the site administrator for assistance).
    [code] => 
)


Jan 25 16:59:46  [info] $backTrace = #0 /Applications/MAMP/htdocs/civi-site/sites/all/modules/contrib/civicrm/CRM/Core/Error.php(364): CRM_Core_Error::backtrace("backTrace", TRUE)
#1 /Applications/MAMP/htdocs/civi-site/sites/all/modules/contrib/civicrm/CRM/Contribute/Form/ContributionBase.php(330): CRM_Core_Error::fatal("A payment processor must be selected for this contribution page (contact the ...")
#2 /Applications/MAMP/htdocs/civi-site/sites/all/modules/contrib/civicrm/CRM/Contribute/Form/Contribution/Main.php(73): CRM_Contribute_Form_ContributionBase->preProcess()
#3 /Applications/MAMP/htdocs/civi-site/sites/all/modules/contrib/civicrm/CRM/Core/Form.php(455): CRM_Contribute_Form_Contribution_Main->preProcess()
#4 /Applications/MAMP/htdocs/civi-site/sites/all/modules/contrib/civicrm/CRM/Core/QuickForm/Action/Display.php(94): CRM_Core_Form->buildForm()
#5 /Applications/MAMP/htdocs/civi-site/sites/all/modules/contrib/civicrm/packages/HTML/QuickForm/Controller.php(203): CRM_Core_QuickForm_Action_Display->perform(Object(CRM_Contribute_Form_Contribution_Main), "display")
#6 /Applications/MAMP/htdocs/civi-site/sites/all/modules/contrib/civicrm/packages/HTML/QuickForm/Page.php(103): HTML_QuickForm_Controller->handle(Object(CRM_Contribute_Form_Contribution_Main), "display")
#7 /Applications/MAMP/htdocs/civi-site/sites/all/modules/contrib/civicrm/CRM/Core/Controller.php(353): HTML_QuickForm_Page->handle("display")
#8 /Applications/MAMP/htdocs/civi-site/sites/all/modules/contrib/civicrm/CRM/Core/Invoke.php(312): CRM_Core_Controller->run((Array:3), NULL)
#9 /Applications/MAMP/htdocs/civi-site/sites/all/modules/contrib/civicrm/CRM/Core/Invoke.php(86): CRM_Core_Invoke::runItem((Array:15))
#10 /Applications/MAMP/htdocs/civi-site/sites/all/modules/contrib/civicrm/CRM/Core/Invoke.php(54): CRM_Core_Invoke::_invoke((Array:3))
#11 /Applications/MAMP/htdocs/civi-site/sites/all/modules/contrib/civicrm/drupal/civicrm.module(489): CRM_Core_Invoke::invoke((Array:3))
#12 [internal function](): civicrm_invoke("contribute", "transact")
#13 /Applications/MAMP/htdocs/civi-site/includes/menu.inc(527): call_user_func_array("civicrm_invoke", (Array:2))
#14 /Applications/MAMP/htdocs/civi-site/index.php(21): menu_execute_active_handler()
#15 {main}


Jan 25 17:01:37  [info] $Fatal Error Details = Array
(
    [message] => We can't load the requested web page due to an incomplete link. This can be caused by using your browser's Back button or by using an incomplete or invalid link.
    [code] => 
)


Jan 25 17:01:37  [info] $backTrace = #0 /Applications/MAMP/htdocs/civi-site/sites/all/modules/contrib/civicrm/CRM/Core/Error.php(364): CRM_Core_Error::backtrace("backTrace", TRUE)
#1 /Applications/MAMP/htdocs/civi-site/sites/all/modules/contrib/civicrm/CRM/PCP/Form/PCPAccount.php(83): CRM_Core_Error::fatal("We can't load the requested web page due to an incomplete link. This can be c...")
#2 /Applications/MAMP/htdocs/civi-site/sites/all/modules/contrib/civicrm/CRM/Core/Form.php(455): CRM_PCP_Form_PCPAccount->preProcess()
#3 /Applications/MAMP/htdocs/civi-site/sites/all/modules/contrib/civicrm/CRM/Core/QuickForm/Action/Display.php(94): CRM_Core_Form->buildForm()
#4 /Applications/MAMP/htdocs/civi-site/sites/all/modules/contrib/civicrm/packages/HTML/QuickForm/Controller.php(203): CRM_Core_QuickForm_Action_Display->perform(Object(CRM_PCP_Form_PCPAccount), "display")
#5 /Applications/MAMP/htdocs/civi-site/sites/all/modules/contrib/civicrm/packages/HTML/QuickForm/Page.php(103): HTML_QuickForm_Controller->handle(Object(CRM_PCP_Form_PCPAccount), "display")
#6 /Applications/MAMP/htdocs/civi-site/sites/all/modules/contrib/civicrm/CRM/Core/Controller.php(353): HTML_QuickForm_Page->handle("display")
#7 /Applications/MAMP/htdocs/civi-site/sites/all/modules/contrib/civicrm/CRM/Core/Invoke.php(312): CRM_Core_Controller->run((Array:3), NULL)
#8 /Applications/MAMP/htdocs/civi-site/sites/all/modules/contrib/civicrm/CRM/Core/Invoke.php(86): CRM_Core_Invoke::runItem((Array:15))
#9 /Applications/MAMP/htdocs/civi-site/sites/all/modules/contrib/civicrm/CRM/Core/Invoke.php(54): CRM_Core_Invoke::_invoke((Array:3))
#10 /Applications/MAMP/htdocs/civi-site/sites/all/modules/contrib/civicrm/drupal/civicrm.module(489): CRM_Core_Invoke::invoke((Array:3))
#11 [internal function](): civicrm_invoke("contribute", "campaign")
#12 /Applications/MAMP/htdocs/civi-site/includes/menu.inc(527): call_user_func_array("civicrm_invoke", (Array:2))
#13 /Applications/MAMP/htdocs/civi-site/index.php(21): menu_execute_active_handler()
#14 {main}


Jan 25 22:04:17  [info] $Fatal Error Details = Array
(
    [message] => A payment processor must be selected for this contribution page (contact the site administrator for assistance).
    [code] => 
)


Jan 25 22:04:17  [info] $backTrace = #0 /Applications/MAMP/htdocs/civi-site/sites/all/modules/contrib/civicrm/CRM/Core/Error.php(364): CRM_Core_Error::backtrace("backTrace", TRUE)
#1 /Applications/MAMP/htdocs/civi-site/sites/all/modules/contrib/civicrm/CRM/Contribute/Form/ContributionBase.php(330): CRM_Core_Error::fatal("A payment processor must be selected for this contribution page (contact the ...")
#2 /Applications/MAMP/htdocs/civi-site/sites/all/modules/contrib/civicrm/CRM/Contribute/Form/Contribution/Main.php(73): CRM_Contribute_Form_ContributionBase->preProcess()
#3 /Applications/MAMP/htdocs/civi-site/sites/all/modules/contrib/civicrm/CRM/Core/Form.php(455): CRM_Contribute_Form_Contribution_Main->preProcess()
#4 /Applications/MAMP/htdocs/civi-site/sites/all/modules/contrib/civicrm/CRM/Core/QuickForm/Action/Display.php(94): CRM_Core_Form->buildForm()
#5 /Applications/MAMP/htdocs/civi-site/sites/all/modules/contrib/civicrm/packages/HTML/QuickForm/Controller.php(203): CRM_Core_QuickForm_Action_Display->perform(Object(CRM_Contribute_Form_Contribution_Main), "display")
#6 /Applications/MAMP/htdocs/civi-site/sites/all/modules/contrib/civicrm/packages/HTML/QuickForm/Page.php(103): HTML_QuickForm_Controller->handle(Object(CRM_Contribute_Form_Contribution_Main), "display")
#7 /Applications/MAMP/htdocs/civi-site/sites/all/modules/contrib/civicrm/CRM/Core/Controller.php(353): HTML_QuickForm_Page->handle("display")
#8 /Applications/MAMP/htdocs/civi-site/sites/all/modules/contrib/civicrm/CRM/Core/Invoke.php(312): CRM_Core_Controller->run((Array:3), NULL)
#9 /Applications/MAMP/htdocs/civi-site/sites/all/modules/contrib/civicrm/CRM/Core/Invoke.php(86): CRM_Core_Invoke::runItem((Array:15))
#10 /Applications/MAMP/htdocs/civi-site/sites/all/modules/contrib/civicrm/CRM/Core/Invoke.php(54): CRM_Core_Invoke::_invoke((Array:3))
#11 /Applications/MAMP/htdocs/civi-site/sites/all/modules/contrib/civicrm/drupal/civicrm.module(489): CRM_Core_Invoke::invoke((Array:3))
#12 [internal function](): civicrm_invoke("contribute", "transact")
#13 /Applications/MAMP/htdocs/civi-site/includes/menu.inc(527): call_user_func_array("civicrm_invoke", (Array:2))
#14 /Applications/MAMP/htdocs/civi-site/index.php(21): menu_execute_active_handler()
#15 {main}


Jan 25 22:04:26  [info] $Fatal Error Details = Array
(
    [message] => A payment processor must be selected for this contribution page (contact the site administrator for assistance).
    [code] => 
)


Jan 25 22:04:26  [info] $backTrace = #0 /Applications/MAMP/htdocs/civi-site/sites/all/modules/contrib/civicrm/CRM/Core/Error.php(364): CRM_Core_Error::backtrace("backTrace", TRUE)
#1 /Applications/MAMP/htdocs/civi-site/sites/all/modules/contrib/civicrm/CRM/Contribute/Form/ContributionBase.php(330): CRM_Core_Error::fatal("A payment processor must be selected for this contribution page (contact the ...")
#2 /Applications/MAMP/htdocs/civi-site/sites/all/modules/contrib/civicrm/CRM/Contribute/Form/Contribution/Main.php(73): CRM_Contribute_Form_ContributionBase->preProcess()
#3 /Applications/MAMP/htdocs/civi-site/sites/all/modules/contrib/civicrm/CRM/Core/Form.php(455): CRM_Contribute_Form_Contribution_Main->preProcess()
#4 /Applications/MAMP/htdocs/civi-site/sites/all/modules/contrib/civicrm/CRM/Core/QuickForm/Action/Display.php(94): CRM_Core_Form->buildForm()
#5 /Applications/MAMP/htdocs/civi-site/sites/all/modules/contrib/civicrm/packages/HTML/QuickForm/Controller.php(203): CRM_Core_QuickForm_Action_Display->perform(Object(CRM_Contribute_Form_Contribution_Main), "display")
#6 /Applications/MAMP/htdocs/civi-site/sites/all/modules/contrib/civicrm/packages/HTML/QuickForm/Page.php(103): HTML_QuickForm_Controller->handle(Object(CRM_Contribute_Form_Contribution_Main), "display")
#7 /Applications/MAMP/htdocs/civi-site/sites/all/modules/contrib/civicrm/CRM/Core/Controller.php(353): HTML_QuickForm_Page->handle("display")
#8 /Applications/MAMP/htdocs/civi-site/sites/all/modules/contrib/civicrm/CRM/Core/Invoke.php(312): CRM_Core_Controller->run((Array:3), NULL)
#9 /Applications/MAMP/htdocs/civi-site/sites/all/modules/contrib/civicrm/CRM/Core/Invoke.php(86): CRM_Core_Invoke::runItem((Array:15))
#10 /Applications/MAMP/htdocs/civi-site/sites/all/modules/contrib/civicrm/CRM/Core/Invoke.php(54): CRM_Core_Invoke::_invoke((Array:3))
#11 /Applications/MAMP/htdocs/civi-site/sites/all/modules/contrib/civicrm/drupal/civicrm.module(489): CRM_Core_Invoke::invoke((Array:3))
#12 [internal function](): civicrm_invoke("contribute", "transact")
#13 /Applications/MAMP/htdocs/civi-site/includes/menu.inc(527): call_user_func_array("civicrm_invoke", (Array:2))
#14 /Applications/MAMP/htdocs/civi-site/index.php(21): menu_execute_active_handler()
#15 {main}


Jan 25 23:00:52  [info] $Fatal Error Details = Array
(
    [message] => This contact is a special one for the contact information associated with the CiviCRM installation for this domain. No one is allowed to delete it because the information is used for special system purposes.
    [code] => 
)


Jan 25 23:00:52  [info] $backTrace = #0 /Applications/MAMP/htdocs/civi-site/sites/all/modules/contrib/civicrm/CRM/Core/Error.php(364): CRM_Core_Error::backtrace("backTrace", TRUE)
#1 /Applications/MAMP/htdocs/civi-site/sites/all/modules/contrib/civicrm/CRM/Contact/Form/Task/Delete.php(93): CRM_Core_Error::fatal("This contact is a special one for the contact information associated with the...")
#2 /Applications/MAMP/htdocs/civi-site/sites/all/modules/contrib/civicrm/CRM/Core/Form.php(455): CRM_Contact_Form_Task_Delete->preProcess()
#3 /Applications/MAMP/htdocs/civi-site/sites/all/modules/contrib/civicrm/CRM/Core/QuickForm/Action/Display.php(94): CRM_Core_Form->buildForm()
#4 /Applications/MAMP/htdocs/civi-site/sites/all/modules/contrib/civicrm/packages/HTML/QuickForm/Controller.php(203): CRM_Core_QuickForm_Action_Display->perform(Object(CRM_Contact_Form_Task_Delete), "display")
#5 /Applications/MAMP/htdocs/civi-site/sites/all/modules/contrib/civicrm/packages/HTML/QuickForm/Page.php(103): HTML_QuickForm_Controller->handle(Object(CRM_Contact_Form_Task_Delete), "display")
#6 /Applications/MAMP/htdocs/civi-site/sites/all/modules/contrib/civicrm/CRM/Core/Controller.php(353): HTML_QuickForm_Page->handle("display")
#7 /Applications/MAMP/htdocs/civi-site/sites/all/modules/contrib/civicrm/CRM/Utils/Wrapper.php(115): CRM_Core_Controller->run()
#8 /Applications/MAMP/htdocs/civi-site/sites/all/modules/contrib/civicrm/CRM/Core/Invoke.php(286): CRM_Utils_Wrapper->run("CRM_Contact_Form_Task_Delete", "Delete Contact", NULL)
#9 /Applications/MAMP/htdocs/civi-site/sites/all/modules/contrib/civicrm/CRM/Core/Invoke.php(86): CRM_Core_Invoke::runItem((Array:13))
#10 /Applications/MAMP/htdocs/civi-site/sites/all/modules/contrib/civicrm/CRM/Core/Invoke.php(54): CRM_Core_Invoke::_invoke((Array:4))
#11 /Applications/MAMP/htdocs/civi-site/sites/all/modules/contrib/civicrm/drupal/civicrm.module(489): CRM_Core_Invoke::invoke((Array:4))
#12 [internal function](): civicrm_invoke("contact", "view", "delete")
#13 /Applications/MAMP/htdocs/civi-site/includes/menu.inc(527): call_user_func_array("civicrm_invoke", (Array:3))
#14 /Applications/MAMP/htdocs/civi-site/index.php(21): menu_execute_active_handler()
#15 {main}


Jan 25 23:05:29  [info] $Fatal Error Details = Array
(
    [message] => A payment processor must be selected for this contribution page (contact the site administrator for assistance).
    [code] => 
)


Jan 25 23:05:29  [info] $backTrace = #0 /Applications/MAMP/htdocs/civi-site/sites/all/modules/contrib/civicrm/CRM/Core/Error.php(364): CRM_Core_Error::backtrace("backTrace", TRUE)
#1 /Applications/MAMP/htdocs/civi-site/sites/all/modules/contrib/civicrm/CRM/Contribute/Form/ContributionBase.php(330): CRM_Core_Error::fatal("A payment processor must be selected for this contribution page (contact the ...")
#2 /Applications/MAMP/htdocs/civi-site/sites/all/modules/contrib/civicrm/CRM/Contribute/Form/Contribution/Main.php(73): CRM_Contribute_Form_ContributionBase->preProcess()
#3 /Applications/MAMP/htdocs/civi-site/sites/all/modules/contrib/civicrm/CRM/Core/Form.php(455): CRM_Contribute_Form_Contribution_Main->preProcess()
#4 /Applications/MAMP/htdocs/civi-site/sites/all/modules/contrib/civicrm/CRM/Core/QuickForm/Action/Display.php(94): CRM_Core_Form->buildForm()
#5 /Applications/MAMP/htdocs/civi-site/sites/all/modules/contrib/civicrm/packages/HTML/QuickForm/Controller.php(203): CRM_Core_QuickForm_Action_Display->perform(Object(CRM_Contribute_Form_Contribution_Main), "display")
#6 /Applications/MAMP/htdocs/civi-site/sites/all/modules/contrib/civicrm/packages/HTML/QuickForm/Page.php(103): HTML_QuickForm_Controller->handle(Object(CRM_Contribute_Form_Contribution_Main), "display")
#7 /Applications/MAMP/htdocs/civi-site/sites/all/modules/contrib/civicrm/CRM/Core/Controller.php(353): HTML_QuickForm_Page->handle("display")
#8 /Applications/MAMP/htdocs/civi-site/sites/all/modules/contrib/civicrm/CRM/Core/Invoke.php(312): CRM_Core_Controller->run((Array:3), NULL)
#9 /Applications/MAMP/htdocs/civi-site/sites/all/modules/contrib/civicrm/CRM/Core/Invoke.php(86): CRM_Core_Invoke::runItem((Array:15))
#10 /Applications/MAMP/htdocs/civi-site/sites/all/modules/contrib/civicrm/CRM/Core/Invoke.php(54): CRM_Core_Invoke::_invoke((Array:3))
#11 /Applications/MAMP/htdocs/civi-site/sites/all/modules/contrib/civicrm/drupal/civicrm.module(489): CRM_Core_Invoke::invoke((Array:3))
#12 [internal function](): civicrm_invoke("contribute", "transact")
#13 /Applications/MAMP/htdocs/civi-site/includes/menu.inc(527): call_user_func_array("civicrm_invoke", (Array:2))
#14 /Applications/MAMP/htdocs/civi-site/index.php(21): menu_execute_active_handler()
#15 {main}


Jan 25 23:21:08  [info] $Fatal Error Details = Array
(
    [message] =>  is not of the type Positive
    [code] => 
)


Jan 25 23:21:08  [info] $backTrace = #0 /Applications/MAMP/htdocs/civi-site/sites/all/modules/contrib/civicrm/CRM/Core/Error.php(322): CRM_Core_Error::backtrace("backTrace", TRUE)
#1 /Applications/MAMP/htdocs/civi-site/sites/all/modules/contrib/civicrm/CRM/Utils/Type.php(271): CRM_Core_Error::fatal(" is not of the type Positive")
#2 /Applications/MAMP/htdocs/civi-site/sites/all/modules/contrib/civicrm/CRM/Core/BAO/UFGroup.php(297): CRM_Utils_Type::escape(NULL, "Positive")
#3 /Applications/MAMP/htdocs/civi-site/sites/all/modules/contrib/civicrm/api/v3/Profile.php(340): CRM_Core_BAO_UFGroup::getFields(NULL, FALSE, NULL, NULL, NULL, FALSE, NULL, TRUE, NULL, 1)
#4 /Applications/MAMP/htdocs/civi-site/sites/all/modules/contrib/civicrm/Civi/API/Provider/MagicFunctionProvider.php(89): civicrm_api3_profile_apply((Array:8))
#5 /Applications/MAMP/htdocs/civi-site/sites/all/modules/contrib/civicrm/Civi/API/Kernel.php(96): Civi\API\Provider\MagicFunctionProvider->invoke((Array:9))
#6 /Applications/MAMP/htdocs/civi-site/sites/all/modules/contrib/civicrm/api/api.php(23): Civi\API\Kernel->run("Profile", "apply", (Array:8), NULL)
#7 /Applications/MAMP/htdocs/civi-site/sites/all/modules/contrib/civicrm/api/api.php(43): civicrm_api("Profile", "apply", (Array:8))
#8 /Applications/MAMP/htdocs/civi-site/sites/all/modules/custom/civi_pcp/civi_pcp.module(105): civicrm_api3("Profile", "apply", (Array:7))
#9 [internal function](): civi_pcp_webform_submission_insert(Object(stdClass), Object(stdClass))
#10 /Applications/MAMP/htdocs/civi-site/includes/module.inc(934): call_user_func_array("civi_pcp_webform_submission_insert", (Array:2))
#11 /Applications/MAMP/htdocs/civi-site/sites/all/modules/contrib/webform/includes/webform.submissions.inc(173): module_invoke_all("webform_submission_insert", Object(stdClass), Object(stdClass))
#12 /Applications/MAMP/htdocs/civi-site/sites/all/modules/contrib/webform/webform.module(3298): webform_submission_insert(Object(stdClass), Object(stdClass))
#13 /Applications/MAMP/htdocs/civi-site/includes/form.inc(1519): webform_client_form_submit((Array:37), (Array:25))
#14 /Applications/MAMP/htdocs/civi-site/includes/form.inc(903): form_execute_handlers("submit", (Array:37), (Array:25))
#15 /Applications/MAMP/htdocs/civi-site/includes/form.inc(385): drupal_process_form("webform_client_form_2", (Array:37), (Array:25))
#16 /Applications/MAMP/htdocs/civi-site/includes/form.inc(130): drupal_build_form("webform_client_form_2", (Array:25))
#17 /Applications/MAMP/htdocs/civi-site/sites/all/modules/contrib/webform/webform.module(1986): drupal_get_form("webform_client_form_2", Object(stdClass), FALSE, FALSE)
#18 [internal function](): webform_node_view(Object(stdClass), "full", "en")
#19 /Applications/MAMP/htdocs/civi-site/includes/module.inc(934): call_user_func_array("webform_node_view", (Array:3))
#20 /Applications/MAMP/htdocs/civi-site/modules/node/node.module(1441): module_invoke_all("node_view", Object(stdClass), "full", "en")
#21 /Applications/MAMP/htdocs/civi-site/modules/node/node.module(1336): node_build_content(Object(stdClass), "full", "en")
#22 /Applications/MAMP/htdocs/civi-site/modules/node/node.module(2669): node_view(Object(stdClass), "full", NULL)
#23 /Applications/MAMP/htdocs/civi-site/modules/node/node.module(1466): node_view_multiple((Array:1), "full")
#24 /Applications/MAMP/htdocs/civi-site/modules/node/node.module(2761): node_show(Object(stdClass))
#25 [internal function](): node_page_view(Object(stdClass))
#26 /Applications/MAMP/htdocs/civi-site/includes/menu.inc(527): call_user_func_array("node_page_view", (Array:1))
#27 /Applications/MAMP/htdocs/civi-site/index.php(21): menu_execute_active_handler()
#28 {main}


Jan 25 23:39:53  [info] $Fatal Error Details = Array
(
    [message] =>  is not of the type Positive
    [code] => 
)


Jan 25 23:39:53  [info] $backTrace = #0 /Applications/MAMP/htdocs/civi-site/sites/all/modules/contrib/civicrm/CRM/Core/Error.php(322): CRM_Core_Error::backtrace("backTrace", TRUE)
#1 /Applications/MAMP/htdocs/civi-site/sites/all/modules/contrib/civicrm/CRM/Utils/Type.php(271): CRM_Core_Error::fatal(" is not of the type Positive")
#2 /Applications/MAMP/htdocs/civi-site/sites/all/modules/contrib/civicrm/CRM/Core/BAO/UFGroup.php(297): CRM_Utils_Type::escape(NULL, "Positive")
#3 /Applications/MAMP/htdocs/civi-site/sites/all/modules/contrib/civicrm/api/v3/Profile.php(340): CRM_Core_BAO_UFGroup::getFields(NULL, FALSE, NULL, NULL, NULL, FALSE, NULL, TRUE, NULL, 1)
#4 /Applications/MAMP/htdocs/civi-site/sites/all/modules/contrib/civicrm/Civi/API/Provider/MagicFunctionProvider.php(89): civicrm_api3_profile_apply((Array:8))
#5 /Applications/MAMP/htdocs/civi-site/sites/all/modules/contrib/civicrm/Civi/API/Kernel.php(96): Civi\API\Provider\MagicFunctionProvider->invoke((Array:9))
#6 /Applications/MAMP/htdocs/civi-site/sites/all/modules/contrib/civicrm/api/api.php(23): Civi\API\Kernel->run("Profile", "apply", (Array:8), NULL)
#7 /Applications/MAMP/htdocs/civi-site/sites/all/modules/contrib/civicrm/api/api.php(43): civicrm_api("Profile", "apply", (Array:8))
#8 /Applications/MAMP/htdocs/civi-site/sites/all/modules/custom/civi_pcp/civi_pcp.module(107): civicrm_api3("Profile", "apply", (Array:7))
#9 [internal function](): civi_pcp_webform_submission_insert(Object(stdClass), Object(stdClass))
#10 /Applications/MAMP/htdocs/civi-site/includes/module.inc(934): call_user_func_array("civi_pcp_webform_submission_insert", (Array:2))
#11 /Applications/MAMP/htdocs/civi-site/sites/all/modules/contrib/webform/includes/webform.submissions.inc(173): module_invoke_all("webform_submission_insert", Object(stdClass), Object(stdClass))
#12 /Applications/MAMP/htdocs/civi-site/sites/all/modules/contrib/webform/webform.module(3298): webform_submission_insert(Object(stdClass), Object(stdClass))
#13 /Applications/MAMP/htdocs/civi-site/includes/form.inc(1519): webform_client_form_submit((Array:37), (Array:25))
#14 /Applications/MAMP/htdocs/civi-site/includes/form.inc(903): form_execute_handlers("submit", (Array:37), (Array:25))
#15 /Applications/MAMP/htdocs/civi-site/includes/form.inc(385): drupal_process_form("webform_client_form_2", (Array:37), (Array:25))
#16 /Applications/MAMP/htdocs/civi-site/includes/form.inc(130): drupal_build_form("webform_client_form_2", (Array:25))
#17 /Applications/MAMP/htdocs/civi-site/sites/all/modules/contrib/webform/webform.module(1986): drupal_get_form("webform_client_form_2", Object(stdClass), FALSE, FALSE)
#18 [internal function](): webform_node_view(Object(stdClass), "full", "en")
#19 /Applications/MAMP/htdocs/civi-site/includes/module.inc(934): call_user_func_array("webform_node_view", (Array:3))
#20 /Applications/MAMP/htdocs/civi-site/modules/node/node.module(1441): module_invoke_all("node_view", Object(stdClass), "full", "en")
#21 /Applications/MAMP/htdocs/civi-site/modules/node/node.module(1336): node_build_content(Object(stdClass), "full", "en")
#22 /Applications/MAMP/htdocs/civi-site/modules/node/node.module(2669): node_view(Object(stdClass), "full", NULL)
#23 /Applications/MAMP/htdocs/civi-site/modules/node/node.module(1466): node_view_multiple((Array:1), "full")
#24 /Applications/MAMP/htdocs/civi-site/modules/node/node.module(2761): node_show(Object(stdClass))
#25 [internal function](): node_page_view(Object(stdClass))
#26 /Applications/MAMP/htdocs/civi-site/includes/menu.inc(527): call_user_func_array("node_page_view", (Array:1))
#27 /Applications/MAMP/htdocs/civi-site/index.php(21): menu_execute_active_handler()
#28 {main}


Jan 26 20:51:27  [info] $Fatal Error Details = Array
(
    [message] => Could not find valid value for id
    [code] => 
)


Jan 26 20:51:27  [info] $backTrace = #0 /Applications/MAMP/htdocs/civi-site/sites/all/modules/contrib/civicrm/CRM/Core/Error.php(364): CRM_Core_Error::backtrace("backTrace", TRUE)
#1 /Applications/MAMP/htdocs/civi-site/sites/all/modules/contrib/civicrm/CRM/Utils/Request.php(95): CRM_Core_Error::fatal("Could not find valid value for id")
#2 /Applications/MAMP/htdocs/civi-site/sites/all/modules/contrib/civicrm/CRM/PCP/Page/PCPInfo.php(60): CRM_Utils_Request::retrieve("id", "Positive", Object(CRM_PCP_Page_PCPInfo), TRUE)
#3 /Applications/MAMP/htdocs/civi-site/sites/all/modules/contrib/civicrm/CRM/Core/Invoke.php(312): CRM_PCP_Page_PCPInfo->run((Array:3), NULL)
#4 /Applications/MAMP/htdocs/civi-site/sites/all/modules/contrib/civicrm/CRM/Core/Invoke.php(86): CRM_Core_Invoke::runItem((Array:13))
#5 /Applications/MAMP/htdocs/civi-site/sites/all/modules/contrib/civicrm/CRM/Core/Invoke.php(54): CRM_Core_Invoke::_invoke((Array:3))
#6 /Applications/MAMP/htdocs/civi-site/sites/all/modules/contrib/civicrm/drupal/civicrm.module(489): CRM_Core_Invoke::invoke((Array:3))
#7 [internal function](): civicrm_invoke("pcp", "info")
#8 /Applications/MAMP/htdocs/civi-site/includes/menu.inc(527): call_user_func_array("civicrm_invoke", (Array:2))
#9 /Applications/MAMP/htdocs/civi-site/index.php(21): menu_execute_active_handler()
#10 {main}


